#
# A fatal error has been detected by the Java Runtime Environment:
#
#  SIGSEGV (0xb) at pc=0x00007f3daf511b9d, pid=5976, tid=0x00007f3d901e7700
#
# JRE version: OpenJDK Runtime Environment (8.0_312-b07) (build 1.8.0_312-8u312-b07-0ubuntu1~20.04-b07)
# Java VM: OpenJDK 64-Bit Server VM (25.312-b07 mixed mode linux-amd64 compressed oops)
# Problematic frame:
# V  [libjvm.so+0x469b9d]
#
# Failed to write core dump. Core dumps have been disabled. To enable core dumping, try "ulimit -c unlimited" before starting Java again
#
# If you would like to submit a bug report, please visit:
#   http://bugreport.java.com/bugreport/crash.jsp
#

---------------  T H R E A D  ---------------

Current thread (0x00007f3da85f6800):  JavaThread "C2 CompilerThread1" daemon [_thread_in_vm, id=6020, stack(0x00007f3d900e8000,0x00007f3d901e8000)]

siginfo: si_signo: 11 (SIGSEGV), si_code: 1 (SEGV_MAPERR), si_addr: 0x0000000080000001

Registers:
RAX=0xffffffffffffffff, RBX=0x0000000000000034, RCX=0x0000000000000005, RDX=0x00007f3d6591e528
RSP=0x00007f3d901e4f40, RBP=0x00007f3d901e5050, RSI=0x0000000000000033, RDI=0x00007f3da85f6ee8
R8 =0x00007f3d99eacba0, R9 =0x00007f3da906b18e, R10=0x00007f3d99eac5e0, R11=0x00007f3da906b58a
R12=0x00007f3d901e6700, R13=0x00007f3dafc27458, R14=0x0000000080000001, R15=0x00007f3d901e67f8
RIP=0x00007f3daf511b9d, EFLAGS=0x0000000000010213, CSGSFS=0x002b000000000033, ERR=0x0000000000000004
  TRAPNO=0x000000000000000e

Top of Stack: (sp=0x00007f3d901e4f40)
0x00007f3d901e4f40:   00000001001039a0 00007f3d901e4f60
0x00007f3d901e4f50:   0000000000000000 00007f3d901e50c0
0x00007f3d901e4f60:   0000000800000005 0000000000000000
0x00007f3d901e4f70:   000000000000000f 00007f3d6591e500
0x00007f3d901e4f80:   0000000000000000 00007f3da906b58a
0x00007f3d901e4f90:   00007f3da906b58a 0000000000000000
0x00007f3d901e4fa0:   00007f3d99eacbbc 00007f3d901e0058
0x00007f3d901e4fb0:   00007f3da906b57c 00007f3da8010000
0x00007f3d901e4fc0:   00007f3d99eacd00 00007f3d99e9c060
0x00007f3d901e4fd0:   00007f3d99eac5e0 00007f3d99eacd00
0x00007f3d901e4fe0:   00007f3d99eabd4d 00007f3d99eacbc1
0x00007f3d901e4ff0:   00007f3dafdc86c0 00007f3d901e4f80
0x00007f3d901e5000:   0000000000000000 00007f3d674b3ff0
0x00007f3d901e5010:   00007f3d00000001 9849367df4be7200
0x00007f3d901e5020:   0000000000000000 00007f3d901e5200
0x00007f3d901e5030:   00007f3dad397628 00007f3da85f6f10
0x00007f3d901e5040:   00007f3da85f7330 00007f3d901e6700
0x00007f3d901e5050:   00007f3d901e5140 00007f3daf9eee6b
0x00007f3d901e5060:   00007f3daf5a63d0 00007f3d901e50c0
0x00007f3d901e5070:   00007f3d901e4ed0 00007f3da85f2360
0x00007f3d901e5080:   00007f3d64111c10 000001a800000006
0x00007f3d901e5090:   00007f3d901e668c 00000d6effffffff
0x00007f3d901e50a0:   0000000000000001 00007f3d901e68a8
0x00007f3d901e50b0:   00007f3d901e6890 00007f3d675fb620
0x00007f3d901e50c0:   00007f3dad397628 00007f3da85f6800
0x00007f3d901e50d0:   0000000000000001 00007f3d675fb620
0x00007f3d901e50e0:   00007f3d901e5180 9849367df4be7200
0x00007f3d901e50f0:   00007f3d901e5120 00007f3d901e6a70
0x00007f3d901e5100:   00000000000003fe 9849367df4be7200
0x00007f3d901e5110:   00007f3d901e5180 00007f3da85f6800
0x00007f3d901e5120:   00007f3d901e6a70 00007f3dad397628
0x00007f3d901e5130:   00007f3dad397628 00007f3da800f540 

Instructions: (pc=0x00007f3daf511b9d)
0x00007f3daf511b7d:   00 00 00 48 83 c7 28 89 de e8 45 9a 50 00 49 89
0x00007f3daf511b8d:   c6 48 85 c0 74 6a e8 68 d0 68 00 49 39 c6 74 60
0x00007f3daf511b9d:   49 8b 06 4c 89 f7 ff 50 18 84 c0 74 04 4d 8b 76
0x00007f3daf511bad:   08 49 8b 06 4c 89 f7 ff 50 10 84 c0 74 0c 49 8b 

Register to memory mapping:

RAX=0xffffffffffffffff is an unknown value
RBX=0x0000000000000034 is an unknown value
RCX=0x0000000000000005 is an unknown value
RDX=0x00007f3d6591e528 is an unknown value
RSP=0x00007f3d901e4f40 is pointing into the stack for thread: 0x00007f3da85f6800
RBP=0x00007f3d901e5050 is pointing into the stack for thread: 0x00007f3da85f6800
RSI=0x0000000000000033 is an unknown value
RDI=0x00007f3da85f6ee8 is an unknown value
R8 =0x00007f3d99eacba0 is at code_begin+68416 in 
[CodeBlob (0x00007f3d99e9c010)]
Framesize: 0
BufferBlob (0x00007f3d99e9c010) used for Compile::Fill_buffer
R9 =0x00007f3da906b18e is an unknown value
R10=0x00007f3d99eac5e0 is at code_begin+66944 in 
[CodeBlob (0x00007f3d99e9c010)]
Framesize: 0
BufferBlob (0x00007f3d99e9c010) used for Compile::Fill_buffer
R11=0x00007f3da906b58a is an unknown value
R12=0x00007f3d901e6700 is pointing into the stack for thread: 0x00007f3da85f6800
R13=0x00007f3dafc27458: <offset 0xb7f458> in /usr/lib/jvm/java-8-openjdk-amd64/jre/lib/amd64/server/libjvm.so at 0x00007f3daf0a8000
R14=0x0000000080000001 is an unknown value
R15=0x00007f3d901e67f8 is pointing into the stack for thread: 0x00007f3da85f6800


Stack: [0x00007f3d900e8000,0x00007f3d901e8000],  sp=0x00007f3d901e4f40,  free space=1011k
Native frames: (J=compiled Java code, j=interpreted, Vv=VM code, C=native code)
V  [libjvm.so+0x469b9d]
V  [libjvm.so+0x946e6b]
V  [libjvm.so+0x405b21]
V  [libjvm.so+0x490d41]
V  [libjvm.so+0x3e4418]
V  [libjvm.so+0x49983b]
V  [libjvm.so+0x49b0c8]
V  [libjvm.so+0xadb400]
V  [libjvm.so+0xadb752]
V  [libjvm.so+0x97dec0]
C  [libpthread.so.0+0x8609]  start_thread+0xd9


Current CompileTask:
C2:  17233 3438       4       org.springframework.core.annotation.TypeMappedAnnotations$MergedAnnotationFinder::doWithAnnotations (75 bytes)


---------------  P R O C E S S  ---------------

Java Threads: ( => current thread )
  0x00007f3da95a9800 JavaThread "container-0" [_thread_blocked, id=6046, stack(0x00007f3d5dd10000,0x00007f3d5de11000)]
  0x00007f3da95a8000 JavaThread "Catalina-utility-2" [_thread_blocked, id=6043, stack(0x00007f3d5de11000,0x00007f3d5df12000)]
  0x00007f3da95a7000 JavaThread "Catalina-utility-1" [_thread_blocked, id=6042, stack(0x00007f3d5f8fb000,0x00007f3d5f9fc000)]
  0x00007f3d70001000 JavaThread "Attach Listener" daemon [_thread_blocked, id=6031, stack(0x00007f3d5fbfc000,0x00007f3d5fcfd000)]
  0x00007f3da8616000 JavaThread "Service Thread" daemon [_thread_blocked, id=6025, stack(0x00007f3d5fdfe000,0x00007f3d5feff000)]
  0x00007f3da85f8800 JavaThread "C1 CompilerThread2" daemon [_thread_blocked, id=6023, stack(0x00007f3d5ff00000,0x00007f3d60000000)]
=>0x00007f3da85f6800 JavaThread "C2 CompilerThread1" daemon [_thread_in_vm, id=6020, stack(0x00007f3d900e8000,0x00007f3d901e8000)]
  0x00007f3da85f4800 JavaThread "C2 CompilerThread0" daemon [_thread_in_native, id=6019, stack(0x00007f3d901e9000,0x00007f3d902e9000)]
  0x00007f3d74001800 JavaThread "JDWP Command Reader" daemon [_thread_in_native, id=6007, stack(0x00007f3d982f3000,0x00007f3d983f4000)]
  0x00007f3da819d800 JavaThread "JDWP Event Helper Thread" daemon [_thread_blocked, id=6006, stack(0x00007f3d983f4000,0x00007f3d984f5000)]
  0x00007f3da819a000 JavaThread "JDWP Transport Listener: dt_socket" daemon [_thread_blocked, id=6005, stack(0x00007f3d984f5000,0x00007f3d985f6000)]
  0x00007f3da8181800 JavaThread "Signal Dispatcher" daemon [_thread_blocked, id=6001, stack(0x00007f3d985f6000,0x00007f3d986f7000)]
  0x00007f3da8154800 JavaThread "Finalizer" daemon [_thread_blocked, id=5999, stack(0x00007f3d986f7000,0x00007f3d987f8000)]
  0x00007f3da8150000 JavaThread "Reference Handler" daemon [_thread_blocked, id=5996, stack(0x00007f3d987f8000,0x00007f3d988f9000)]
  0x00007f3da8011800 JavaThread "main" [_thread_blocked, id=5984, stack(0x00007f3daec5c000,0x00007f3daed5c000)]

Other Threads:
  0x00007f3da8146800 VMThread [stack: 0x00007f3d988fa000,0x00007f3d989fa000] [id=5994]
  0x00007f3da8618800 WatcherThread [stack: 0x00007f3d5fcfe000,0x00007f3d5fdfe000] [id=6026]

VM state:not at safepoint (normal execution)

VM Mutex/Monitor currently owned by a thread:  ([mutex/lock_event])
[0x00007f3da800f540] Compile_lock - owner thread: 0x00007f3da85f6800
[0x00007f3da800f640] MethodCompileQueue_lock - owner thread: 0x00007f3da85f6800

heap address: 0x0000000086400000, size: 1948 MB, Compressed Oops mode: 32-bit
Narrow klass base: 0x0000000000000000, Narrow klass shift: 3
Compressed class space size: 1073741824 Address: 0x0000000100000000

Heap:
 PSYoungGen      total 209920K, used 143924K [0x00000000d7700000, 0x00000000e9180000, 0x0000000100000000)
  eden space 197632K, 72% used [0x00000000d7700000,0x00000000e038d2b8,0x00000000e3800000)
  from space 12288K, 0% used [0x00000000e3800000,0x00000000e3800000,0x00000000e4400000)
  to   space 12800K, 0% used [0x00000000e8500000,0x00000000e8500000,0x00000000e9180000)
 ParOldGen       total 76288K, used 14227K [0x0000000086400000, 0x000000008ae80000, 0x00000000d7700000)
  object space 76288K, 18% used [0x0000000086400000,0x00000000871e4c08,0x000000008ae80000)
 Metaspace       used 39876K, capacity 41676K, committed 41856K, reserved 1085440K
  class space    used 5118K, capacity 5446K, committed 5504K, reserved 1048576K

Card table byte_map: [0x00007f3dade9f000,0x00007f3dae26e000] byte_map_base: 0x00007f3dada6d000

Marking Bits: (ParMarkBitMap*) 0x00007f3dafe8d720
 Begin Bits: [0x00007f3d90320000, 0x00007f3d92190000)
 End Bits:   [0x00007f3d92190000, 0x00007f3d94000000)

Polling page: 0x00007f3db0135000

CodeCache: size=245760Kb used=15005Kb max_used=15005Kb free=230754Kb
 bounds [0x00007f3d99000000, 0x00007f3d99eb0000, 0x00007f3da8000000]
 total_blobs=4476 nmethods=4060 adapters=334
 compilation: enabled

Compilation events (10 events):
Event: 17.100 Thread 0x00007f3da85f8800 4360       2       java.util.regex.Matcher::find (35 bytes)
Event: 17.100 Thread 0x00007f3da85f8800 nmethod 4360 0x00007f3d99e9a2d0 code [0x00007f3d99e9a480, 0x00007f3d99e9a718]
Event: 17.113 Thread 0x00007f3da85f8800 4362   !   2       sun.misc.ProxyGenerator::generateClassFile (680 bytes)
Event: 17.113 Thread 0x00007f3da85f8800 

Event: 17.137 Thread 0x00007f3da85f8800 4363       1       com.fasterxml.classmate.members.ResolvedMember::getRawMember (5 bytes)
Event: 17.137 Thread 0x00007f3da85f8800 nmethod 4363 0x00007f3d99eadd50 code [0x00007f3d99eadea0, 0x00007f3d99eadfb0]
Event: 17.157 Thread 0x00007f3da85f8800 4364       2       sun.misc.ProxyGenerator$ConstantPool::write (64 bytes)
Event: 17.158 Thread 0x00007f3da85f8800 nmethod 4364 0x00007f3d99eae010 code [0x00007f3d99eae1e0, 0x00007f3d99eae668]
Event: 17.193 Thread 0x00007f3da85f8800 4365       1       com.fasterxml.classmate.TypeBindings::typeParameterArray (5 bytes)
Event: 17.193 Thread 0x00007f3da85f8800 nmethod 4365 0x00007f3d99eae910 code [0x00007f3d99eaea60, 0x00007f3d99eaeb70]

GC Heap History (10 events):
Event: 5.444 GC heap before
{Heap before GC invocations=7 (full 1):
 PSYoungGen      total 132608K, used 5571K [0x00000000d7700000, 0x00000000e0000000, 0x0000000100000000)
  eden space 124928K, 0% used [0x00000000d7700000,0x00000000d7700000,0x00000000df100000)
  from space 7680K, 72% used [0x00000000df880000,0x00000000dfdf0ff0,0x00000000e0000000)
  to   space 7680K, 0% used [0x00000000df100000,0x00000000df100000,0x00000000df880000)
 ParOldGen       total 83456K, used 2508K [0x0000000086400000, 0x000000008b580000, 0x00000000d7700000)
  object space 83456K, 3% used [0x0000000086400000,0x0000000086673250,0x000000008b580000)
 Metaspace       used 20551K, capacity 21112K, committed 21296K, reserved 1069056K
  class space    used 2538K, capacity 2686K, committed 2688K, reserved 1048576K
Event: 5.576 GC heap after
Heap after GC invocations=7 (full 1):
 PSYoungGen      total 132608K, used 0K [0x00000000d7700000, 0x00000000e0000000, 0x0000000100000000)
  eden space 124928K, 0% used [0x00000000d7700000,0x00000000d7700000,0x00000000df100000)
  from space 7680K, 0% used [0x00000000df880000,0x00000000df880000,0x00000000e0000000)
  to   space 7680K, 0% used [0x00000000df100000,0x00000000df100000,0x00000000df880000)
 ParOldGen       total 48640K, used 5430K [0x0000000086400000, 0x0000000089380000, 0x00000000d7700000)
  object space 48640K, 11% used [0x0000000086400000,0x000000008694d908,0x0000000089380000)
 Metaspace       used 20549K, capacity 21106K, committed 21296K, reserved 1069056K
  class space    used 2538K, capacity 2685K, committed 2688K, reserved 1048576K
}
Event: 8.211 GC heap before
{Heap before GC invocations=8 (full 1):
 PSYoungGen      total 132608K, used 124928K [0x00000000d7700000, 0x00000000e0000000, 0x0000000100000000)
  eden space 124928K, 100% used [0x00000000d7700000,0x00000000df100000,0x00000000df100000)
  from space 7680K, 0% used [0x00000000df880000,0x00000000df880000,0x00000000e0000000)
  to   space 7680K, 0% used [0x00000000df100000,0x00000000df100000,0x00000000df880000)
 ParOldGen       total 48640K, used 5430K [0x0000000086400000, 0x0000000089380000, 0x00000000d7700000)
  object space 48640K, 11% used [0x0000000086400000,0x000000008694d908,0x0000000089380000)
 Metaspace       used 24609K, capacity 25348K, committed 25600K, reserved 1071104K
  class space    used 3103K, capacity 3302K, committed 3328K, reserved 1048576K
Event: 8.229 GC heap after
Heap after GC invocations=8 (full 1):
 PSYoungGen      total 132608K, used 7654K [0x00000000d7700000, 0x00000000e5000000, 0x0000000100000000)
  eden space 124928K, 0% used [0x00000000d7700000,0x00000000d7700000,0x00000000df100000)
  from space 7680K, 99% used [0x00000000df100000,0x00000000df879ba8,0x00000000df880000)
  to   space 9728K, 0% used [0x00000000e4680000,0x00000000e4680000,0x00000000e5000000)
 ParOldGen       total 48640K, used 7445K [0x0000000086400000, 0x0000000089380000, 0x00000000d7700000)
  object space 48640K, 15% used [0x0000000086400000,0x0000000086b45410,0x0000000089380000)
 Metaspace       used 24609K, capacity 25348K, committed 25600K, reserved 1071104K
  class space    used 3103K, capacity 3302K, committed 3328K, reserved 1048576K
}
Event: 11.895 GC heap before
{Heap before GC invocations=9 (full 1):
 PSYoungGen      total 132608K, used 132582K [0x00000000d7700000, 0x00000000e5000000, 0x0000000100000000)
  eden space 124928K, 100% used [0x00000000d7700000,0x00000000df100000,0x00000000df100000)
  from space 7680K, 99% used [0x00000000df100000,0x00000000df879ba8,0x00000000df880000)
  to   space 9728K, 0% used [0x00000000e4680000,0x00000000e4680000,0x00000000e5000000)
 ParOldGen       total 48640K, used 7445K [0x0000000086400000, 0x0000000089380000, 0x00000000d7700000)
  object space 48640K, 15% used [0x0000000086400000,0x0000000086b45410,0x0000000089380000)
 Metaspace       used 31483K, capacity 32952K, committed 33024K, reserved 1077248K
  class space    used 4028K, capacity 4312K, committed 4352K, reserved 1048576K
Event: 11.946 GC heap after
Heap after GC invocations=9 (full 1):
 PSYoungGen      total 207360K, used 9723K [0x00000000d7700000, 0x00000000e5000000, 0x0000000100000000)
  eden space 197632K, 0% used [0x00000000d7700000,0x00000000d7700000,0x00000000e3800000)
  from space 9728K, 99% used [0x00000000e4680000,0x00000000e4ffece0,0x00000000e5000000)
  to   space 12288K, 0% used [0x00000000e3800000,0x00000000e3800000,0x00000000e4400000)
 ParOldGen       total 48640K, used 10162K [0x0000000086400000, 0x0000000089380000, 0x00000000d7700000)
  object space 48640K, 20% used [0x0000000086400000,0x0000000086decb40,0x0000000089380000)
 Metaspace       used 31483K, capacity 32952K, committed 33024K, reserved 1077248K
  class space    used 4028K, capacity 4312K, committed 4352K, reserved 1048576K
}
Event: 13.466 GC heap before
{Heap before GC invocations=10 (full 1):
 PSYoungGen      total 207360K, used 58465K [0x00000000d7700000, 0x00000000e5000000, 0x0000000100000000)
  eden space 197632K, 24% used [0x00000000d7700000,0x00000000da699a20,0x00000000e3800000)
  from space 9728K, 99% used [0x00000000e4680000,0x00000000e4ffece0,0x00000000e5000000)
  to   space 12288K, 0% used [0x00000000e3800000,0x00000000e3800000,0x00000000e4400000)
 ParOldGen       total 48640K, used 10162K [0x0000000086400000, 0x0000000089380000, 0x00000000d7700000)
  object space 48640K, 20% used [0x0000000086400000,0x0000000086decb40,0x0000000089380000)
 Metaspace       used 33951K, capacity 35440K, committed 35496K, reserved 1081344K
  class space    used 4304K, capacity 4608K, committed 4608K, reserved 1048576K
Event: 13.500 GC heap after
Heap after GC invocations=10 (full 1):
 PSYoungGen      total 209920K, used 9948K [0x00000000d7700000, 0x00000000e9180000, 0x0000000100000000)
  eden space 197632K, 0% used [0x00000000d7700000,0x00000000d7700000,0x00000000e3800000)
  from space 12288K, 80% used [0x00000000e3800000,0x00000000e41b70a8,0x00000000e4400000)
  to   space 12800K, 0% used [0x00000000e8500000,0x00000000e8500000,0x00000000e9180000)
 ParOldGen       total 48640K, used 10170K [0x0000000086400000, 0x0000000089380000, 0x00000000d7700000)
  object space 48640K, 20% used [0x0000000086400000,0x0000000086deeb40,0x0000000089380000)
 Metaspace       used 33951K, capacity 35440K, committed 35496K, reserved 1081344K
  class space    used 4304K, capacity 4608K, committed 4608K, reserved 1048576K
}
Event: 13.500 GC heap before
{Heap before GC invocations=11 (full 2):
 PSYoungGen      total 209920K, used 9948K [0x00000000d7700000, 0x00000000e9180000, 0x0000000100000000)
  eden space 197632K, 0% used [0x00000000d7700000,0x00000000d7700000,0x00000000e3800000)
  from space 12288K, 80% used [0x00000000e3800000,0x00000000e41b70a8,0x00000000e4400000)
  to   space 12800K, 0% used [0x00000000e8500000,0x00000000e8500000,0x00000000e9180000)
 ParOldGen       total 48640K, used 10170K [0x0000000086400000, 0x0000000089380000, 0x00000000d7700000)
  object space 48640K, 20% used [0x0000000086400000,0x0000000086deeb40,0x0000000089380000)
 Metaspace       used 33951K, capacity 35440K, committed 35496K, reserved 1081344K
  class space    used 4304K, capacity 4608K, committed 4608K, reserved 1048576K
Event: 13.654 GC heap after
Heap after GC invocations=11 (full 2):
 PSYoungGen      total 209920K, used 0K [0x00000000d7700000, 0x00000000e9180000, 0x0000000100000000)
  eden space 197632K, 0% used [0x00000000d7700000,0x00000000d7700000,0x00000000e3800000)
  from space 12288K, 0% used [0x00000000e3800000,0x00000000e3800000,0x00000000e4400000)
  to   space 12800K, 0% used [0x00000000e8500000,0x00000000e8500000,0x00000000e9180000)
 ParOldGen       total 76288K, used 14227K [0x0000000086400000, 0x000000008ae80000, 0x00000000d7700000)
  object space 76288K, 18% used [0x0000000086400000,0x00000000871e4c08,0x000000008ae80000)
 Metaspace       used 33951K, capacity 35440K, committed 35496K, reserved 1081344K
  class space    used 4304K, capacity 4608K, committed 4608K, reserved 1048576K
}

Deoptimization events (10 events):
Event: 17.126 Thread 0x00007f3da8011800 Uncommon trap: reason=unhandled action=none pc=0x00007f3d99959dc0 method=java.net.URLClassLoader.findClass(Ljava/lang/String;)Ljava/lang/Class; @ 44
Event: 17.173 Thread 0x00007f3da8011800 Uncommon trap: reason=unhandled action=none pc=0x00007f3d99959dc0 method=java.net.URLClassLoader.findClass(Ljava/lang/String;)Ljava/lang/Class; @ 44
Event: 17.174 Thread 0x00007f3da8011800 Uncommon trap: reason=unhandled action=none pc=0x00007f3d99959dc0 method=java.net.URLClassLoader.findClass(Ljava/lang/String;)Ljava/lang/Class; @ 44
Event: 17.189 Thread 0x00007f3da8011800 Uncommon trap: reason=unhandled action=none pc=0x00007f3d99959dc0 method=java.net.URLClassLoader.findClass(Ljava/lang/String;)Ljava/lang/Class; @ 44
Event: 17.191 Thread 0x00007f3da8011800 Uncommon trap: reason=unhandled action=none pc=0x00007f3d99959dc0 method=java.net.URLClassLoader.findClass(Ljava/lang/String;)Ljava/lang/Class; @ 44
Event: 17.191 Thread 0x00007f3da8011800 Uncommon trap: reason=unhandled action=none pc=0x00007f3d99959dc0 method=java.net.URLClassLoader.findClass(Ljava/lang/String;)Ljava/lang/Class; @ 44
Event: 17.199 Thread 0x00007f3da8011800 Uncommon trap: reason=unhandled action=none pc=0x00007f3d99959dc0 method=java.net.URLClassLoader.findClass(Ljava/lang/String;)Ljava/lang/Class; @ 44
Event: 17.205 Thread 0x00007f3da8011800 Uncommon trap: reason=unhandled action=none pc=0x00007f3d99959dc0 method=java.net.URLClassLoader.findClass(Ljava/lang/String;)Ljava/lang/Class; @ 44
Event: 17.207 Thread 0x00007f3da8011800 Uncommon trap: reason=unhandled action=none pc=0x00007f3d99959dc0 method=java.net.URLClassLoader.findClass(Ljava/lang/String;)Ljava/lang/Class; @ 44
Event: 17.207 Thread 0x00007f3da8011800 Uncommon trap: reason=unhandled action=none pc=0x00007f3d99959dc0 method=java.net.URLClassLoader.findClass(Ljava/lang/String;)Ljava/lang/Class; @ 44

Classes redefined (0 events):
No events

Internal exceptions (10 events):
Event: 14.165 Thread 0x00007f3da8011800 Exception <a 'java/lang/ClassNotFoundException': org/springframework/context/ApplicationListenerCustomizer> (0x00000000d8eec240) thrown at [/build/openjdk-8-85WbbC/openjdk-8-8u312-b07/src/hotspot/src/share/vm/classfile/systemDictionary.cpp, line 217]
Event: 14.165 Thread 0x00007f3da8011800 Exception <a 'java/lang/ClassNotFoundException': java/util/EventListenerCustomizer> (0x00000000d8ef5930) thrown at [/build/openjdk-8-85WbbC/openjdk-8-8u312-b07/src/hotspot/src/share/vm/classfile/systemDictionary.cpp, line 217]
Event: 14.165 Thread 0x00007f3da8011800 Exception <a 'java/lang/ClassNotFoundException': org/springframework/beans/factory/InitializingBeanCustomizer> (0x00000000d8f0c910) thrown at [/build/openjdk-8-85WbbC/openjdk-8-8u312-b07/src/hotspot/src/share/vm/classfile/systemDictionary.cpp, line 217]
Event: 15.162 Thread 0x00007f3da8011800 Exception <a 'java/lang/IncompatibleClassChangeError': Found class java.lang.Object, but interface was expected> (0x00000000db4e90a8) thrown at [/build/openjdk-8-85WbbC/openjdk-8-8u312-b07/src/hotspot/src/share/vm/interpreter/linkResolver.cpp, line 653]
Event: 15.852 Thread 0x00007f3da8011800 Exception <a 'java/lang/ClassNotFoundException': java/lang/ObjectCustomizer> (0x00000000dcb6f178) thrown at [/build/openjdk-8-85WbbC/openjdk-8-8u312-b07/src/hotspot/src/share/vm/classfile/systemDictionary.cpp, line 217]
Event: 15.853 Thread 0x00007f3da8011800 Exception <a 'java/lang/ClassNotFoundException': org/springframework/security/config/annotation/web/configuration/WebSecurityConfigurationCustomizer> (0x00000000dcb92b80) thrown at [/build/openjdk-8-85WbbC/openjdk-8-8u312-b07/src/hotspot/src/share/vm/clas
Event: 15.853 Thread 0x00007f3da8011800 Exception <a 'java/lang/ClassNotFoundException': org/springframework/context/annotation/ImportAwareCustomizer> (0x00000000dcbb5fd8) thrown at [/build/openjdk-8-85WbbC/openjdk-8-8u312-b07/src/hotspot/src/share/vm/classfile/systemDictionary.cpp, line 217]
Event: 15.854 Thread 0x00007f3da8011800 Exception <a 'java/lang/ClassNotFoundException': org/springframework/beans/factory/AwareCustomizer> (0x00000000dcbca070) thrown at [/build/openjdk-8-85WbbC/openjdk-8-8u312-b07/src/hotspot/src/share/vm/classfile/systemDictionary.cpp, line 217]
Event: 15.854 Thread 0x00007f3da8011800 Exception <a 'java/lang/ClassNotFoundException': org/springframework/beans/factory/BeanClassLoaderAwareCustomizer> (0x00000000dcbe1238) thrown at [/build/openjdk-8-85WbbC/openjdk-8-8u312-b07/src/hotspot/src/share/vm/classfile/systemDictionary.cpp, line 21
Event: 15.865 Thread 0x00007f3da8011800 Exception <a 'java/lang/ClassNotFoundException': org/springframework/beans/factory/AwareCustomizer> (0x00000000dcbf52b0) thrown at [/build/openjdk-8-85WbbC/openjdk-8-8u312-b07/src/hotspot/src/share/vm/classfile/systemDictionary.cpp, line 217]

Events (10 events):
Event: 17.206 loading class com/google/common/util/concurrent/SettableFuture
Event: 17.206 loading class com/google/common/util/concurrent/SettableFuture done
Event: 17.207 Thread 0x00007f3da8011800 Uncommon trap: trap_request=0xffffffa7 fr.pc=0x00007f3d99959dc0
Event: 17.207 Thread 0x00007f3da8011800 DEOPT PACKING pc=0x00007f3d99959dc0 sp=0x00007f3daed58ba0
Event: 17.207 Thread 0x00007f3da8011800 DEOPT UNPACKING pc=0x00007f3d9904547a sp=0x00007f3daed58a98 mode 2
Event: 17.207 loading class com/google/common/util/concurrent/AbstractFuture$TrustedFuture
Event: 17.207 loading class com/google/common/util/concurrent/AbstractFuture$TrustedFuture done
Event: 17.207 Thread 0x00007f3da8011800 Uncommon trap: trap_request=0xffffffa7 fr.pc=0x00007f3d99959dc0
Event: 17.207 Thread 0x00007f3da8011800 DEOPT PACKING pc=0x00007f3d99959dc0 sp=0x00007f3daed56b40
Event: 17.207 Thread 0x00007f3da8011800 DEOPT UNPACKING pc=0x00007f3d9904547a sp=0x00007f3daed56a38 mode 2


Dynamic libraries:
86400000-8ae80000 rw-p 00000000 00:00 0 
8ae80000-d7700000 ---p 00000000 00:00 0 
d7700000-e9180000 rw-p 00000000 00:00 0 
e9180000-100000000 ---p 00000000 00:00 0 
100000000-100560000 rw-p 00000000 00:00 0 
100560000-140000000 ---p 00000000 00:00 0 
55d077ab7000-55d077ab8000 r--p 00000000 08:02 3940004                    /usr/lib/jvm/java-8-openjdk-amd64/jre/bin/java
55d077ab8000-55d077ab9000 r-xp 00001000 08:02 3940004                    /usr/lib/jvm/java-8-openjdk-amd64/jre/bin/java
55d077ab9000-55d077aba000 r--p 00002000 08:02 3940004                    /usr/lib/jvm/java-8-openjdk-amd64/jre/bin/java
55d077aba000-55d077abb000 r--p 00002000 08:02 3940004                    /usr/lib/jvm/java-8-openjdk-amd64/jre/bin/java
55d077abb000-55d077abc000 rw-p 00003000 08:02 3940004                    /usr/lib/jvm/java-8-openjdk-amd64/jre/bin/java
55d077ce2000-55d077d03000 rw-p 00000000 00:00 0                          [heap]
7f3d40000000-7f3d40021000 rw-p 00000000 00:00 0 
7f3d40021000-7f3d44000000 ---p 00000000 00:00 0 
7f3d44000000-7f3d44021000 rw-p 00000000 00:00 0 
7f3d44021000-7f3d48000000 ---p 00000000 00:00 0 
7f3d48000000-7f3d48027000 rw-p 00000000 00:00 0 
7f3d48027000-7f3d4c000000 ---p 00000000 00:00 0 
7f3d4c000000-7f3d4c603000 rw-p 00000000 00:00 0 
7f3d4c603000-7f3d50000000 ---p 00000000 00:00 0 
7f3d50000000-7f3d50021000 rw-p 00000000 00:00 0 
7f3d50021000-7f3d54000000 ---p 00000000 00:00 0 
7f3d54000000-7f3d54021000 rw-p 00000000 00:00 0 
7f3d54021000-7f3d58000000 ---p 00000000 00:00 0 
7f3d58000000-7f3d59669000 rw-p 00000000 00:00 0 
7f3d59669000-7f3d5c000000 ---p 00000000 00:00 0 
7f3d5db10000-7f3d5dc90000 rw-p 00000000 00:00 0 
7f3d5dc90000-7f3d5dd10000 ---p 00000000 00:00 0 
7f3d5dd10000-7f3d5dd13000 ---p 00000000 00:00 0 
7f3d5dd13000-7f3d5de11000 rw-p 00000000 00:00 0 
7f3d5de11000-7f3d5de14000 ---p 00000000 00:00 0 
7f3d5de14000-7f3d5df12000 rw-p 00000000 00:00 0 
7f3d5e09c000-7f3d5e29c000 rw-p 00000000 00:00 0 
7f3d5e29c000-7f3d5e49c000 rw-p 00000000 00:00 0 
7f3d5e49c000-7f3d5e69c000 rw-p 00000000 00:00 0 
7f3d5e69c000-7f3d5e89c000 rw-p 00000000 00:00 0 
7f3d5e89c000-7f3d5ea9c000 rw-p 00000000 00:00 0 
7f3d5ea9c000-7f3d5ec9c000 rw-p 00000000 00:00 0 
7f3d5ec9c000-7f3d5ee9c000 rw-p 00000000 00:00 0 
7f3d5ee9c000-7f3d5f09c000 rw-p 00000000 00:00 0 
7f3d5f09c000-7f3d5f29c000 rw-p 00000000 00:00 0 
7f3d5f2fb000-7f3d5f4fb000 rw-p 00000000 00:00 0 
7f3d5f4fb000-7f3d5f6fb000 rw-p 00000000 00:00 0 
7f3d5f6fb000-7f3d5f8fb000 rw-p 00000000 00:00 0 
7f3d5f8fb000-7f3d5f8fe000 ---p 00000000 00:00 0 
7f3d5f8fe000-7f3d5fbfc000 rw-p 00000000 00:00 0 
7f3d5fbfc000-7f3d5fbff000 ---p 00000000 00:00 0 
7f3d5fbff000-7f3d5fcfd000 rw-p 00000000 00:00 0 
7f3d5fcfd000-7f3d5fcfe000 ---p 00000000 00:00 0 
7f3d5fcfe000-7f3d5fdfe000 rw-p 00000000 00:00 0 
7f3d5fdfe000-7f3d5fe01000 ---p 00000000 00:00 0 
7f3d5fe01000-7f3d5feff000 rw-p 00000000 00:00 0 
7f3d5feff000-7f3d5ff00000 ---p 00000000 00:00 0 
7f3d5ff00000-7f3d5ff03000 ---p 00000000 00:00 0 
7f3d5ff03000-7f3d60000000 rw-p 00000000 00:00 0 
7f3d60000000-7f3d63587000 rw-p 00000000 00:00 0 
7f3d63587000-7f3d64000000 ---p 00000000 00:00 0 
7f3d64000000-7f3d67e42000 rw-p 00000000 00:00 0 
7f3d67e42000-7f3d68000000 ---p 00000000 00:00 0 
7f3d68000000-7f3d68021000 rw-p 00000000 00:00 0 
7f3d68021000-7f3d6c000000 ---p 00000000 00:00 0 
7f3d6c000000-7f3d6c021000 rw-p 00000000 00:00 0 
7f3d6c021000-7f3d70000000 ---p 00000000 00:00 0 
7f3d70000000-7f3d70021000 rw-p 00000000 00:00 0 
7f3d70021000-7f3d74000000 ---p 00000000 00:00 0 
7f3d74000000-7f3d74021000 rw-p 00000000 00:00 0 
7f3d74021000-7f3d78000000 ---p 00000000 00:00 0 
7f3d78000000-7f3d78021000 rw-p 00000000 00:00 0 
7f3d78021000-7f3d7c000000 ---p 00000000 00:00 0 
7f3d7c000000-7f3d7c021000 rw-p 00000000 00:00 0 
7f3d7c021000-7f3d80000000 ---p 00000000 00:00 0 
7f3d80000000-7f3d80021000 rw-p 00000000 00:00 0 
7f3d80021000-7f3d84000000 ---p 00000000 00:00 0 
7f3d84000000-7f3d8404c000 rw-p 00000000 00:00 0 
7f3d8404c000-7f3d88000000 ---p 00000000 00:00 0 
7f3d88000000-7f3d88025000 rw-p 00000000 00:00 0 
7f3d88025000-7f3d8c000000 ---p 00000000 00:00 0 
7f3d8c000000-7f3d8c021000 rw-p 00000000 00:00 0 
7f3d8c021000-7f3d90000000 ---p 00000000 00:00 0 
7f3d900db000-7f3d900df000 r--p 00000000 08:02 3940040                    /usr/lib/jvm/java-8-openjdk-amd64/jre/lib/amd64/libmanagement.so
7f3d900df000-7f3d900e3000 r-xp 00004000 08:02 3940040                    /usr/lib/jvm/java-8-openjdk-amd64/jre/lib/amd64/libmanagement.so
7f3d900e3000-7f3d900e5000 r--p 00008000 08:02 3940040                    /usr/lib/jvm/java-8-openjdk-amd64/jre/lib/amd64/libmanagement.so
7f3d900e5000-7f3d900e6000 r--p 00009000 08:02 3940040                    /usr/lib/jvm/java-8-openjdk-amd64/jre/lib/amd64/libmanagement.so
7f3d900e6000-7f3d900e7000 rw-p 0000a000 08:02 3940040                    /usr/lib/jvm/java-8-openjdk-amd64/jre/lib/amd64/libmanagement.so
7f3d900e7000-7f3d900e8000 ---p 00000000 00:00 0 
7f3d900e8000-7f3d900eb000 ---p 00000000 00:00 0 
7f3d900eb000-7f3d901e8000 rw-p 00000000 00:00 0 
7f3d901e8000-7f3d901e9000 ---p 00000000 00:00 0 
7f3d901e9000-7f3d901ec000 ---p 00000000 00:00 0 
7f3d901ec000-7f3d902e9000 rw-p 00000000 00:00 0 
7f3d902e9000-7f3d902ef000 r--s 000d3000 08:02 3940067                    /usr/lib/jvm/java-8-openjdk-amd64/jre/lib/jfr.jar
7f3d902ef000-7f3d902f4000 r--p 00000000 08:02 3940042                    /usr/lib/jvm/java-8-openjdk-amd64/jre/lib/amd64/libnet.so
7f3d902f4000-7f3d90305000 r-xp 00005000 08:02 3940042                    /usr/lib/jvm/java-8-openjdk-amd64/jre/lib/amd64/libnet.so
7f3d90305000-7f3d90309000 r--p 00016000 08:02 3940042                    /usr/lib/jvm/java-8-openjdk-amd64/jre/lib/amd64/libnet.so
7f3d90309000-7f3d9030a000 r--p 00019000 08:02 3940042                    /usr/lib/jvm/java-8-openjdk-amd64/jre/lib/amd64/libnet.so
7f3d9030a000-7f3d9030b000 rw-p 0001a000 08:02 3940042                    /usr/lib/jvm/java-8-openjdk-amd64/jre/lib/amd64/libnet.so
7f3d9030b000-7f3d90312000 r--p 00000000 08:02 3940043                    /usr/lib/jvm/java-8-openjdk-amd64/jre/lib/amd64/libnio.so
7f3d90312000-7f3d9031b000 r-xp 00007000 08:02 3940043                    /usr/lib/jvm/java-8-openjdk-amd64/jre/lib/amd64/libnio.so
7f3d9031b000-7f3d9031e000 r--p 00010000 08:02 3940043                    /usr/lib/jvm/java-8-openjdk-amd64/jre/lib/amd64/libnio.so
7f3d9031e000-7f3d9031f000 r--p 00012000 08:02 3940043                    /usr/lib/jvm/java-8-openjdk-amd64/jre/lib/amd64/libnio.so
7f3d9031f000-7f3d90320000 rw-p 00013000 08:02 3940043                    /usr/lib/jvm/java-8-openjdk-amd64/jre/lib/amd64/libnio.so
7f3d90320000-7f3d94000000 rw-p 00000000 00:00 0 
7f3d94000000-7f3d94021000 rw-p 00000000 00:00 0 
7f3d94021000-7f3d98000000 ---p 00000000 00:00 0 
7f3d98000000-7f3d98012000 r--s 0034c000 08:02 3940072                    /usr/lib/jvm/java-8-openjdk-amd64/jre/lib/resources.jar
7f3d98012000-7f3d98014000 r--s 00016000 08:02 3940065                    /usr/lib/jvm/java-8-openjdk-amd64/jre/lib/jce.jar
7f3d98014000-7f3d98025000 r--s 001c5000 08:02 3940068                    /usr/lib/jvm/java-8-openjdk-amd64/jre/lib/jsse.jar
7f3d98025000-7f3d98028000 r--s 00021000 08:02 8524489                    /home/paragon/Desktop/spring-tool-suite-4-4.13.1.RELEASE-e4.22.0-linux.gtk.x86_64/sts-4.13.1.RELEASE/configuration/org.eclipse.osgi/257/0/.cp/lib/javaagent-shaded.jar
7f3d98028000-7f3d9802a000 r--s 0000d000 08:02 14161380                   /home/paragon/.m2/repository/org/jboss/logging/jboss-logging/3.4.1.Final/jboss-logging-3.4.1.Final.jar
7f3d9802a000-7f3d9802f000 r--s 00012000 08:02 14287165                   /home/paragon/.m2/repository/jakarta/validation/jakarta.validation-api/2.0.2/jakarta.validation-api-2.0.2.jar
7f3d9802f000-7f3d98050000 r--s 00117000 08:02 14287163                   /home/paragon/.m2/repository/org/hibernate/validator/hibernate-validator/6.1.0.Final/hibernate-validator-6.1.0.Final.jar
7f3d98050000-7f3d98055000 r--s 00036000 08:02 14161485                   /home/paragon/.m2/repository/org/glassfish/jakarta.el/3.0.3/jakarta.el-3.0.3.jar
7f3d98055000-7f3d98056000 r--s 00000000 08:02 14287098                   /home/paragon/.m2/repository/org/springframework/boot/spring-boot-starter-validation/2.3.0.M1/spring-boot-starter-validation-2.3.0.M1.jar
7f3d98056000-7f3d9806d000 r--s 00198000 08:02 14287160                   /home/paragon/.m2/repository/org/projectlombok/lombok/1.18.10/lombok-1.18.10.jar
7f3d9806d000-7f3d9806f000 r--s 002c4000 08:02 14287161                   /home/paragon/.m2/repository/io/springfox/springfox-swagger-ui/2.9.2/springfox-swagger-ui-2.9.2.jar
7f3d9806f000-7f3d98071000 r--s 00004000 08:02 14287159                   /home/paragon/.m2/repository/org/mapstruct/mapstruct/1.2.0.Final/mapstruct-1.2.0.Final.jar
7f3d98071000-7f3d98073000 r--s 00000000 08:02 14287156                   /home/paragon/.m2/repository/org/springframework/plugin/spring-plugin-metadata/1.2.0.RELEASE/spring-plugin-metadata-1.2.0.RELEASE.jar
7f3d98073000-7f3d98074000 r--s 00004000 08:02 14287154                   /home/paragon/.m2/repository/org/springframework/plugin/spring-plugin-core/1.2.0.RELEASE/spring-plugin-core-1.2.0.RELEASE.jar
7f3d98074000-7f3d98076000 r--s 00009000 08:02 14161483                   /home/paragon/.m2/repository/org/slf4j/slf4j-api/1.7.29/slf4j-api-1.7.29.jar
7f3d98076000-7f3d98078000 r--s 0000f000 08:02 10096524                   /home/paragon/.m2/repository/com/fasterxml/classmate/1.5.1/classmate-1.5.1.jar
7f3d98078000-7f3d980a7000 r--s 00226000 08:02 14287151                   /home/paragon/.m2/repository/com/google/guava/guava/20.0/guava-20.0.jar
7f3d980a7000-7f3d980ac000 r--s 0002b000 08:02 14287150                   /home/paragon/.m2/repository/io/springfox/springfox-spring-web/2.9.2/springfox-spring-web-2.9.2.jar
7f3d980ac000-7f3d980b0000 r--s 00017000 08:02 14287147                   /home/paragon/.m2/repository/io/springfox/springfox-swagger-common/2.9.2/springfox-swagger-common-2.9.2.jar
7f3d980b0000-7f3d980b3000 r--s 00012000 08:02 14287144                   /home/paragon/.m2/repository/io/springfox/springfox-schema/2.9.2/springfox-schema-2.9.2.jar
7f3d980b3000-7f3d980b7000 r--s 00019000 08:02 14287142                   /home/paragon/.m2/repository/io/springfox/springfox-core/2.9.2/springfox-core-2.9.2.jar
7f3d980b7000-7f3d980ba000 r--s 0000b000 08:02 14287141                   /home/paragon/.m2/repository/io/springfox/springfox-spi/2.9.2/springfox-spi-2.9.2.jar
7f3d980ba000-7f3d980be000 r--s 00022000 08:02 14287140                   /home/paragon/.m2/repository/io/swagger/swagger-models/1.5.20/swagger-models-1.5.20.jar
7f3d980be000-7f3d980c0000 r--s 00004000 08:02 14287138                   /home/paragon/.m2/repository/io/swagger/swagger-annotations/1.5.20/swagger-annotations-1.5.20.jar
7f3d980c0000-7f3d980c3000 r--s 0000e000 08:02 14287134                   /home/paragon/.m2/repository/io/springfox/springfox-swagger2/2.9.2/springfox-swagger2-2.9.2.jar
7f3d980c3000-7f3d980c4000 r--s 00005000 08:02 14161480                   /home/paragon/.m2/repository/org/springframework/spring-jcl/5.2.3.RELEASE/spring-jcl-5.2.3.RELEASE.jar
7f3d980c4000-7f3d980df000 r--s 00144000 08:02 14161479                   /home/paragon/.m2/repository/org/springframework/spring-core/5.2.3.RELEASE/spring-core-5.2.3.RELEASE.jar
7f3d980df000-7f3d98127000 r--s 002e9000 08:02 14161382                   /home/paragon/.m2/repository/net/bytebuddy/byte-buddy/1.10.4/byte-buddy-1.10.4.jar
7f3d98127000-7f3d98133000 r--s 000d0000 08:02 14161442                   /home/paragon/.m2/repository/org/postgresql/postgresql/42.2.8/postgresql-42.2.8.jar
7f3d98133000-7f3d98138000 r--s 00051000 08:02 14161441                   /home/paragon/.m2/repository/com/fasterxml/jackson/core/jackson-core/2.10.1/jackson-core-2.10.1.jar
7f3d98138000-7f3d9813b000 r--s 0000e000 08:02 12192484                   /home/paragon/.m2/repository/com/fasterxml/jackson/core/jackson-annotations/2.10.1/jackson-annotations-2.10.1.jar
7f3d9813b000-7f3d98150000 r--s 00142000 08:02 9180541                    /home/paragon/.m2/repository/com/fasterxml/jackson/core/jackson-databind/2.10.1/jackson-databind-2.10.1.jar
7f3d98150000-7f3d98153000 r--s 00019000 08:02 14161436                   /home/paragon/.m2/repository/io/jsonwebtoken/jjwt/0.9.1/jjwt-0.9.1.jar
7f3d98153000-7f3d98162000 r--s 0007c000 08:02 14161302                   /home/paragon/.m2/repository/org/springframework/security/spring-security-web/5.3.0.M1/spring-security-web-5.3.0.M1.jar
7f3d98162000-7f3d9816f000 r--s 00060000 08:02 14161300                   /home/paragon/.m2/repository/org/springframework/security/spring-security-core/5.3.0.M1/spring-security-core-5.3.0.M1.jar
7f3d9816f000-7f3d98180000 r--s 000e6000 08:02 14161298                   /home/paragon/.m2/repository/org/springframework/security/spring-security-config/5.3.0.M1/spring-security-config-5.3.0.M1.jar
7f3d98180000-7f3d98189000 r--s 00052000 08:02 14161438                   /home/paragon/.m2/repository/org/springframework/spring-aop/5.2.3.RELEASE/spring-aop-5.2.3.RELEASE.jar
7f3d98189000-7f3d9818a000 r--s 00000000 08:02 14161297                   /home/paragon/.m2/repository/org/springframework/boot/spring-boot-starter-security/2.3.0.M1/spring-boot-starter-security-2.3.0.M1.jar
7f3d9818a000-7f3d9818f000 r--s 00040000 08:02 14161434                   /home/paragon/.m2/repository/org/springframework/spring-expression/5.2.3.RELEASE/spring-expression-5.2.3.RELEASE.jar
7f3d9818f000-7f3d981a2000 r--s 000d5000 08:02 14161429                   /home/paragon/.m2/repository/org/springframework/spring-webmvc/5.2.3.RELEASE/spring-webmvc-5.2.3.RELEASE.jar
7f3d981a2000-7f3d981be000 r--s 00141000 08:02 14161430                   /home/paragon/.m2/repository/org/springframework/spring-web/5.2.3.RELEASE/spring-web-5.2.3.RELEASE.jar
7f3d981be000-7f3d981c3000 r--s 0003d000 08:02 14161428                   /home/paragon/.m2/repository/org/apache/tomcat/embed/tomcat-embed-websocket/9.0.45/tomcat-embed-websocket-9.0.45.jar
7f3d981c3000-7f3d981ec000 r--s 00314000 08:02 14161426                   /home/paragon/.m2/repository/org/apache/tomcat/embed/tomcat-embed-core/9.0.45/tomcat-embed-core-9.0.45.jar
7f3d981ec000-7f3d981ed000 r--s 00000000 08:02 14161295                   /home/paragon/.m2/repository/org/springframework/boot/spring-boot-starter-tomcat/2.3.0.M1/spring-boot-starter-tomcat-2.3.0.M1.jar
7f3d981ed000-7f3d981ef000 r--s 00001000 08:02 14161423                   /home/paragon/.m2/repository/com/fasterxml/jackson/module/jackson-module-parameter-names/2.10.1/jackson-module-parameter-names-2.10.1.jar
7f3d981ef000-7f3d981f2000 r--s 00017000 08:02 14161421                   /home/paragon/.m2/repository/com/fasterxml/jackson/datatype/jackson-datatype-jsr310/2.10.1/jackson-datatype-jsr310-2.10.1.jar
7f3d981f2000-7f3d981f4000 r--s 00007000 08:02 14161420                   /home/paragon/.m2/repository/com/fasterxml/jackson/datatype/jackson-datatype-jdk8/2.10.1/jackson-datatype-jdk8-2.10.1.jar
7f3d981f4000-7f3d981f5000 r--s 00000000 08:02 14161293                   /home/paragon/.m2/repository/org/springframework/boot/spring-boot-starter-json/2.3.0.M1/spring-boot-starter-json-2.3.0.M1.jar
7f3d981f5000-7f3d981fc000 r--s 00044000 08:02 14161418                   /home/paragon/.m2/repository/org/yaml/snakeyaml/1.25/snakeyaml-1.25.jar
7f3d981fc000-7f3d981fe000 r--s 00005000 08:02 14161414                   /home/paragon/.m2/repository/jakarta/annotation/jakarta.annotation-api/1.3.5/jakarta.annotation-api-1.3.5.jar
7f3d981fe000-7f3d98200000 r--s 00000000 08:02 14161413                   /home/paragon/.m2/repository/org/slf4j/jul-to-slf4j/1.7.29/jul-to-slf4j-1.7.29.jar
7f3d98200000-7f3d98206000 r--s 0003e000 08:02 14161411                   /home/paragon/.m2/repository/org/apache/logging/log4j/log4j-api/2.12.1/log4j-api-2.12.1.jar
7f3d98206000-7f3d98208000 r--s 00003000 08:02 14161410                   /home/paragon/.m2/repository/org/apache/logging/log4j/log4j-to-slf4j/2.12.1/log4j-to-slf4j-2.12.1.jar
7f3d98208000-7f3d98213000 r--s 00069000 08:02 14161407                   /home/paragon/.m2/repository/ch/qos/logback/logback-core/1.2.3/logback-core-1.2.3.jar
7f3d98213000-7f3d98219000 r--s 00041000 08:02 14161406                   /home/paragon/.m2/repository/ch/qos/logback/logback-classic/1.2.3/logback-classic-1.2.3.jar
7f3d98219000-7f3d9821a000 r--s 00000000 08:02 14161290                   /home/paragon/.m2/repository/org/springframework/boot/spring-boot-starter-logging/2.3.0.M1/spring-boot-starter-logging-2.3.0.M1.jar
7f3d9821a000-7f3d98241000 r--s 0012a000 08:02 14161289                   /home/paragon/.m2/repository/org/springframework/boot/spring-boot-autoconfigure/2.3.0.M1/spring-boot-autoconfigure-2.3.0.M1.jar
7f3d98241000-7f3d98258000 r--s 000e9000 08:02 14161288                   /home/paragon/.m2/repository/org/springframework/boot/spring-boot/2.3.0.M1/spring-boot-2.3.0.M1.jar
7f3d98258000-7f3d98259000 r--s 00000000 08:02 14161286                   /home/paragon/.m2/repository/org/springframework/boot/spring-boot-starter/2.3.0.M1/spring-boot-starter-2.3.0.M1.jar
7f3d98259000-7f3d9825a000 r--s 00000000 08:02 14161284                   /home/paragon/.m2/repository/org/springframework/boot/spring-boot-starter-web/2.3.0.M1/spring-boot-starter-web-2.3.0.M1.jar
7f3d9825a000-7f3d98267000 r--s 0009b000 08:02 14161400                   /home/paragon/.m2/repository/org/springframework/spring-beans/5.2.3.RELEASE/spring-beans-5.2.3.RELEASE.jar
7f3d98267000-7f3d98283000 r--s 0010f000 08:02 14161398                   /home/paragon/.m2/repository/org/springframework/spring-context/5.2.3.RELEASE/spring-context-5.2.3.RELEASE.jar
7f3d98283000-7f3d9828c000 r--s 00044000 08:02 14161399                   /home/paragon/.m2/repository/org/springframework/spring-tx/5.2.3.RELEASE/spring-tx-5.2.3.RELEASE.jar
7f3d9828c000-7f3d982a4000 r--s 0010c000 08:02 13242135                   /home/paragon/.m2/repository/org/springframework/data/spring-data-commons/2.3.0.M2/spring-data-commons-2.3.0.M2.jar
7f3d982a4000-7f3d982ad000 r--s 00038000 08:02 14161283                   /home/paragon/.m2/repository/org/springframework/data/spring-data-relational/2.0.0.M2/spring-data-relational-2.0.0.M2.jar
7f3d982ad000-7f3d982b1000 r--s 0001f000 08:02 13503738                   /home/paragon/.m2/repository/org/springframework/data/spring-data-jdbc/2.0.0.M2/spring-data-jdbc-2.0.0.M2.jar
7f3d982b1000-7f3d982bb000 r--s 0005a000 08:02 14161373                   /home/paragon/.m2/repository/org/springframework/spring-jdbc/5.2.3.RELEASE/spring-jdbc-5.2.3.RELEASE.jar
7f3d982bb000-7f3d982be000 r--s 00023000 08:02 9836837                    /home/paragon/.m2/repository/com/zaxxer/HikariCP/3.4.1/HikariCP-3.4.1.jar
7f3d982be000-7f3d982bf000 r--s 00000000 08:02 14161277                   /home/paragon/.m2/repository/org/springframework/boot/spring-boot-starter-jdbc/2.3.0.M1/spring-boot-starter-jdbc-2.3.0.M1.jar
7f3d982bf000-7f3d982c0000 r--s 00000000 08:02 14161281                   /home/paragon/.m2/repository/org/springframework/boot/spring-boot-starter-data-jdbc/2.3.0.M1/spring-boot-starter-data-jdbc-2.3.0.M1.jar
7f3d982c0000-7f3d982db000 r--s 00394000 08:02 4066155                    /usr/lib/jvm/java-8-openjdk-amd64/jre/lib/ext/cldrdata.jar
7f3d982db000-7f3d982dd000 r--s 00001000 08:02 4066156                    /usr/lib/jvm/java-8-openjdk-amd64/jre/lib/ext/dnsns.jar
7f3d982dd000-7f3d982e8000 r--s 00116000 08:02 4066159                    /usr/lib/jvm/java-8-openjdk-amd64/jre/lib/ext/localedata.jar
7f3d982e8000-7f3d982ee000 r--s 0003d000 08:02 4066162                    /usr/lib/jvm/java-8-openjdk-amd64/jre/lib/ext/sunjce_provider.jar
7f3d982ee000-7f3d982f1000 r--s 0000f000 08:02 4066157                    /usr/lib/jvm/java-8-openjdk-amd64/jre/lib/ext/icedtea-sound.jar
7f3d982f1000-7f3d982f3000 r--s 00010000 08:02 4066164                    /usr/lib/jvm/java-8-openjdk-amd64/jre/lib/ext/zipfs.jar
7f3d982f3000-7f3d982f6000 ---p 00000000 00:00 0 
7f3d982f6000-7f3d983f4000 rw-p 00000000 00:00 0 
7f3d983f4000-7f3d983f7000 ---p 00000000 00:00 0 
7f3d983f7000-7f3d984f5000 rw-p 00000000 00:00 0 
7f3d984f5000-7f3d984f8000 ---p 00000000 00:00 0 
7f3d984f8000-7f3d985f6000 rw-p 00000000 00:00 0 
7f3d985f6000-7f3d985f9000 ---p 00000000 00:00 0 
7f3d985f9000-7f3d986f7000 rw-p 00000000 00:00 0 
7f3d986f7000-7f3d986fa000 ---p 00000000 00:00 0 
7f3d986fa000-7f3d987f8000 rw-p 00000000 00:00 0 
7f3d987f8000-7f3d987fb000 ---p 00000000 00:00 0 
7f3d987fb000-7f3d988f9000 rw-p 00000000 00:00 0 
7f3d988f9000-7f3d988fa000 ---p 00000000 00:00 0 
7f3d988fa000-7f3d99000000 rw-p 00000000 00:00 0 
7f3d99000000-7f3d99eb0000 rwxp 00000000 00:00 0 
7f3d99eb0000-7f3da8000000 ---p 00000000 00:00 0 
7f3da8000000-7f3da9798000 rw-p 00000000 00:00 0 
7f3da9798000-7f3dac000000 ---p 00000000 00:00 0 
7f3dac000000-7f3dac01b000 r--s 001d6000 08:02 4066160                    /usr/lib/jvm/java-8-openjdk-amd64/jre/lib/ext/nashorn.jar
7f3dac01b000-7f3dac01d000 r--p 00000000 08:02 3940023                    /usr/lib/jvm/java-8-openjdk-amd64/jre/lib/amd64/libdt_socket.so
7f3dac01d000-7f3dac01f000 r-xp 00002000 08:02 3940023                    /usr/lib/jvm/java-8-openjdk-amd64/jre/lib/amd64/libdt_socket.so
7f3dac01f000-7f3dac020000 r--p 00004000 08:02 3940023                    /usr/lib/jvm/java-8-openjdk-amd64/jre/lib/amd64/libdt_socket.so
7f3dac020000-7f3dac021000 r--p 00004000 08:02 3940023                    /usr/lib/jvm/java-8-openjdk-amd64/jre/lib/amd64/libdt_socket.so
7f3dac021000-7f3dac022000 rw-p 00005000 08:02 3940023                    /usr/lib/jvm/java-8-openjdk-amd64/jre/lib/amd64/libdt_socket.so
7f3dac022000-7f3dac979000 rw-p 00000000 00:00 0 
7f3dac979000-7f3dacb4b000 r--s 03cab000 08:02 3940073                    /usr/lib/jvm/java-8-openjdk-amd64/jre/lib/rt.jar
7f3dacb4b000-7f3dad811000 rw-p 00000000 00:00 0 
7f3dad811000-7f3dad812000 ---p 00000000 00:00 0 
7f3dad812000-7f3dad912000 rw-p 00000000 00:00 0 
7f3dad912000-7f3dad913000 ---p 00000000 00:00 0 
7f3dad913000-7f3dada13000 rw-p 00000000 00:00 0 
7f3dada13000-7f3dada14000 ---p 00000000 00:00 0 
7f3dada14000-7f3dadb14000 rw-p 00000000 00:00 0 
7f3dadb14000-7f3dadb15000 ---p 00000000 00:00 0 
7f3dadb15000-7f3dadc3b000 rw-p 00000000 00:00 0 
7f3dadc3b000-7f3dade9f000 ---p 00000000 00:00 0 
7f3dade9f000-7f3dadec5000 rw-p 00000000 00:00 0 
7f3dadec5000-7f3dae128000 ---p 00000000 00:00 0 
7f3dae128000-7f3dae1b6000 rw-p 00000000 00:00 0 
7f3dae1b6000-7f3dae26d000 ---p 00000000 00:00 0 
7f3dae26d000-7f3dae2a9000 rw-p 00000000 00:00 0 
7f3dae2a9000-7f3dae62e000 ---p 00000000 00:00 0 
7f3dae62e000-7f3dae631000 r--p 00000000 08:02 3803295                    /usr/lib/x86_64-linux-gnu/libnss_files-2.31.so
7f3dae631000-7f3dae638000 r-xp 00003000 08:02 3803295                    /usr/lib/x86_64-linux-gnu/libnss_files-2.31.so
7f3dae638000-7f3dae63a000 r--p 0000a000 08:02 3803295                    /usr/lib/x86_64-linux-gnu/libnss_files-2.31.so
7f3dae63a000-7f3dae63b000 r--p 0000b000 08:02 3803295                    /usr/lib/x86_64-linux-gnu/libnss_files-2.31.so
7f3dae63b000-7f3dae63c000 rw-p 0000c000 08:02 3803295                    /usr/lib/x86_64-linux-gnu/libnss_files-2.31.so
7f3dae63c000-7f3dae642000 rw-p 00000000 00:00 0 
7f3dae642000-7f3dae644000 r--s 0000c000 08:02 4589406                    /usr/share/java/java-atk-wrapper.jar
7f3dae644000-7f3dae648000 r--s 00041000 08:02 4066163                    /usr/lib/jvm/java-8-openjdk-amd64/jre/lib/ext/sunpkcs11.jar
7f3dae648000-7f3dae64b000 r--p 00000000 08:02 3940050                    /usr/lib/jvm/java-8-openjdk-amd64/jre/lib/amd64/libzip.so
7f3dae64b000-7f3dae650000 r-xp 00003000 08:02 3940050                    /usr/lib/jvm/java-8-openjdk-amd64/jre/lib/amd64/libzip.so
7f3dae650000-7f3dae652000 r--p 00008000 08:02 3940050                    /usr/lib/jvm/java-8-openjdk-amd64/jre/lib/amd64/libzip.so
7f3dae652000-7f3dae653000 r--p 00009000 08:02 3940050                    /usr/lib/jvm/java-8-openjdk-amd64/jre/lib/amd64/libzip.so
7f3dae653000-7f3dae654000 rw-p 0000a000 08:02 3940050                    /usr/lib/jvm/java-8-openjdk-amd64/jre/lib/amd64/libzip.so
7f3dae654000-7f3dae656000 r--p 00000000 08:02 3940026                    /usr/lib/jvm/java-8-openjdk-amd64/jre/lib/amd64/libinstrument.so
7f3dae656000-7f3dae65d000 r-xp 00002000 08:02 3940026                    /usr/lib/jvm/java-8-openjdk-amd64/jre/lib/amd64/libinstrument.so
7f3dae65d000-7f3dae660000 r--p 00009000 08:02 3940026                    /usr/lib/jvm/java-8-openjdk-amd64/jre/lib/amd64/libinstrument.so
7f3dae660000-7f3dae661000 r--p 0000b000 08:02 3940026                    /usr/lib/jvm/java-8-openjdk-amd64/jre/lib/amd64/libinstrument.so
7f3dae661000-7f3dae662000 rw-p 0000c000 08:02 3940026                    /usr/lib/jvm/java-8-openjdk-amd64/jre/lib/amd64/libinstrument.so
7f3dae662000-7f3daebd2000 r--p 00000000 08:02 3803312                    /usr/lib/locale/locale-archive
7f3daebd2000-7f3daebd4000 r--p 00000000 08:02 3940036                    /usr/lib/jvm/java-8-openjdk-amd64/jre/lib/amd64/libjdwp.so
7f3daebd4000-7f3daec00000 r-xp 00002000 08:02 3940036                    /usr/lib/jvm/java-8-openjdk-amd64/jre/lib/amd64/libjdwp.so
7f3daec00000-7f3daec0d000 r--p 0002e000 08:02 3940036                    /usr/lib/jvm/java-8-openjdk-amd64/jre/lib/amd64/libjdwp.so
7f3daec0d000-7f3daec0e000 r--p 0003a000 08:02 3940036                    /usr/lib/jvm/java-8-openjdk-amd64/jre/lib/amd64/libjdwp.so
7f3daec0e000-7f3daec0f000 rw-p 0003b000 08:02 3940036                    /usr/lib/jvm/java-8-openjdk-amd64/jre/lib/amd64/libjdwp.so
7f3daec0f000-7f3daec1c000 r--p 00000000 08:02 3940031                    /usr/lib/jvm/java-8-openjdk-amd64/jre/lib/amd64/libjava.so
7f3daec1c000-7f3daec34000 r-xp 0000d000 08:02 3940031                    /usr/lib/jvm/java-8-openjdk-amd64/jre/lib/amd64/libjava.so
7f3daec34000-7f3daec3b000 r--p 00025000 08:02 3940031                    /usr/lib/jvm/java-8-openjdk-amd64/jre/lib/amd64/libjava.so
7f3daec3b000-7f3daec3c000 r--p 0002b000 08:02 3940031                    /usr/lib/jvm/java-8-openjdk-amd64/jre/lib/amd64/libjava.so
7f3daec3c000-7f3daec3e000 rw-p 0002c000 08:02 3940031                    /usr/lib/jvm/java-8-openjdk-amd64/jre/lib/amd64/libjava.so
7f3daec3e000-7f3daec43000 r--p 00000000 08:02 3940049                    /usr/lib/jvm/java-8-openjdk-amd64/jre/lib/amd64/libverify.so
7f3daec43000-7f3daec4c000 r-xp 00005000 08:02 3940049                    /usr/lib/jvm/java-8-openjdk-amd64/jre/lib/amd64/libverify.so
7f3daec4c000-7f3daec4e000 r--p 0000e000 08:02 3940049                    /usr/lib/jvm/java-8-openjdk-amd64/jre/lib/amd64/libverify.so
7f3daec4e000-7f3daec50000 r--p 0000f000 08:02 3940049                    /usr/lib/jvm/java-8-openjdk-amd64/jre/lib/amd64/libverify.so
7f3daec50000-7f3daec51000 rw-p 00011000 08:02 3940049                    /usr/lib/jvm/java-8-openjdk-amd64/jre/lib/amd64/libverify.so
7f3daec51000-7f3daec53000 r--p 00000000 08:02 3803302                    /usr/lib/x86_64-linux-gnu/librt-2.31.so
7f3daec53000-7f3daec57000 r-xp 00002000 08:02 3803302                    /usr/lib/x86_64-linux-gnu/librt-2.31.so
7f3daec57000-7f3daec59000 r--p 00006000 08:02 3803302                    /usr/lib/x86_64-linux-gnu/librt-2.31.so
7f3daec59000-7f3daec5a000 r--p 00007000 08:02 3803302                    /usr/lib/x86_64-linux-gnu/librt-2.31.so
7f3daec5a000-7f3daec5b000 rw-p 00008000 08:02 3803302                    /usr/lib/x86_64-linux-gnu/librt-2.31.so
7f3daec5b000-7f3daec5c000 ---p 00000000 00:00 0 
7f3daec5c000-7f3daec5f000 ---p 00000000 00:00 0 
7f3daec5f000-7f3daed5c000 rw-p 00000000 00:00 0 
7f3daed5c000-7f3daed5f000 r--p 00000000 08:02 3808692                    /usr/lib/x86_64-linux-gnu/libgcc_s.so.1
7f3daed5f000-7f3daed71000 r-xp 00003000 08:02 3808692                    /usr/lib/x86_64-linux-gnu/libgcc_s.so.1
7f3daed71000-7f3daed75000 r--p 00015000 08:02 3808692                    /usr/lib/x86_64-linux-gnu/libgcc_s.so.1
7f3daed75000-7f3daed76000 r--p 00018000 08:02 3808692                    /usr/lib/x86_64-linux-gnu/libgcc_s.so.1
7f3daed76000-7f3daed77000 rw-p 00019000 08:02 3808692                    /usr/lib/x86_64-linux-gnu/libgcc_s.so.1
7f3daed77000-7f3daed84000 r--p 00000000 08:02 3803289                    /usr/lib/x86_64-linux-gnu/libm-2.31.so
7f3daed84000-7f3daee2b000 r-xp 0000d000 08:02 3803289                    /usr/lib/x86_64-linux-gnu/libm-2.31.so
7f3daee2b000-7f3daeec4000 r--p 000b4000 08:02 3803289                    /usr/lib/x86_64-linux-gnu/libm-2.31.so
7f3daeec4000-7f3daeec5000 r--p 0014c000 08:02 3803289                    /usr/lib/x86_64-linux-gnu/libm-2.31.so
7f3daeec5000-7f3daeec6000 rw-p 0014d000 08:02 3803289                    /usr/lib/x86_64-linux-gnu/libm-2.31.so
7f3daeec6000-7f3daef5c000 r--p 00000000 08:02 3809495                    /usr/lib/x86_64-linux-gnu/libstdc++.so.6.0.28
7f3daef5c000-7f3daf04d000 r-xp 00096000 08:02 3809495                    /usr/lib/x86_64-linux-gnu/libstdc++.so.6.0.28
7f3daf04d000-7f3daf096000 r--p 00187000 08:02 3809495                    /usr/lib/x86_64-linux-gnu/libstdc++.so.6.0.28
7f3daf096000-7f3daf097000 ---p 001d0000 08:02 3809495                    /usr/lib/x86_64-linux-gnu/libstdc++.so.6.0.28
7f3daf097000-7f3daf0a2000 r--p 001d0000 08:02 3809495                    /usr/lib/x86_64-linux-gnu/libstdc++.so.6.0.28
7f3daf0a2000-7f3daf0a5000 rw-p 001db000 08:02 3809495                    /usr/lib/x86_64-linux-gnu/libstdc++.so.6.0.28
7f3daf0a5000-7f3daf0a8000 rw-p 00000000 00:00 0 
7f3daf0a8000-7f3daf29d000 r--p 00000000 08:02 3940053                    /usr/lib/jvm/java-8-openjdk-amd64/jre/lib/amd64/server/libjvm.so
7f3daf29d000-7f3dafc06000 r-xp 001f5000 08:02 3940053                    /usr/lib/jvm/java-8-openjdk-amd64/jre/lib/amd64/server/libjvm.so
7f3dafc06000-7f3dafdb8000 r--p 00b5e000 08:02 3940053                    /usr/lib/jvm/java-8-openjdk-amd64/jre/lib/amd64/server/libjvm.so
7f3dafdb8000-7f3dafe4e000 r--p 00d0f000 08:02 3940053                    /usr/lib/jvm/java-8-openjdk-amd64/jre/lib/amd64/server/libjvm.so
7f3dafe4e000-7f3dafe77000 rw-p 00da5000 08:02 3940053                    /usr/lib/jvm/java-8-openjdk-amd64/jre/lib/amd64/server/libjvm.so
7f3dafe77000-7f3dafeac000 rw-p 00000000 00:00 0 
7f3dafeac000-7f3dafeb2000 r--p 00000000 08:02 3803300                    /usr/lib/x86_64-linux-gnu/libpthread-2.31.so
7f3dafeb2000-7f3dafec3000 r-xp 00006000 08:02 3803300                    /usr/lib/x86_64-linux-gnu/libpthread-2.31.so
7f3dafec3000-7f3dafec9000 r--p 00017000 08:02 3803300                    /usr/lib/x86_64-linux-gnu/libpthread-2.31.so
7f3dafec9000-7f3dafeca000 r--p 0001c000 08:02 3803300                    /usr/lib/x86_64-linux-gnu/libpthread-2.31.so
7f3dafeca000-7f3dafecb000 rw-p 0001d000 08:02 3803300                    /usr/lib/x86_64-linux-gnu/libpthread-2.31.so
7f3dafecb000-7f3dafecf000 rw-p 00000000 00:00 0 
7f3dafecf000-7f3dafed0000 r--p 00000000 08:02 3803288                    /usr/lib/x86_64-linux-gnu/libdl-2.31.so
7f3dafed0000-7f3dafed2000 r-xp 00001000 08:02 3803288                    /usr/lib/x86_64-linux-gnu/libdl-2.31.so
7f3dafed2000-7f3dafed3000 r--p 00003000 08:02 3803288                    /usr/lib/x86_64-linux-gnu/libdl-2.31.so
7f3dafed3000-7f3dafed4000 r--p 00003000 08:02 3803288                    /usr/lib/x86_64-linux-gnu/libdl-2.31.so
7f3dafed4000-7f3dafed5000 rw-p 00004000 08:02 3803288                    /usr/lib/x86_64-linux-gnu/libdl-2.31.so
7f3dafed5000-7f3dafed7000 r--p 00000000 08:02 3807380                    /usr/lib/x86_64-linux-gnu/libz.so.1.2.11
7f3dafed7000-7f3dafee8000 r-xp 00002000 08:02 3807380                    /usr/lib/x86_64-linux-gnu/libz.so.1.2.11
7f3dafee8000-7f3dafeee000 r--p 00013000 08:02 3807380                    /usr/lib/x86_64-linux-gnu/libz.so.1.2.11
7f3dafeee000-7f3dafeef000 ---p 00019000 08:02 3807380                    /usr/lib/x86_64-linux-gnu/libz.so.1.2.11
7f3dafeef000-7f3dafef0000 r--p 00019000 08:02 3807380                    /usr/lib/x86_64-linux-gnu/libz.so.1.2.11
7f3dafef0000-7f3dafef1000 rw-p 0001a000 08:02 3807380                    /usr/lib/x86_64-linux-gnu/libz.so.1.2.11
7f3dafef1000-7f3daff13000 r--p 00000000 08:02 3803287                    /usr/lib/x86_64-linux-gnu/libc-2.31.so
7f3daff13000-7f3db008b000 r-xp 00022000 08:02 3803287                    /usr/lib/x86_64-linux-gnu/libc-2.31.so
7f3db008b000-7f3db00d9000 r--p 0019a000 08:02 3803287                    /usr/lib/x86_64-linux-gnu/libc-2.31.so
7f3db00d9000-7f3db00dd000 r--p 001e7000 08:02 3803287                    /usr/lib/x86_64-linux-gnu/libc-2.31.so
7f3db00dd000-7f3db00df000 rw-p 001eb000 08:02 3803287                    /usr/lib/x86_64-linux-gnu/libc-2.31.so
7f3db00df000-7f3db00e3000 rw-p 00000000 00:00 0 
7f3db00e3000-7f3db00e5000 r--s 00008000 08:02 4066161                    /usr/lib/jvm/java-8-openjdk-amd64/jre/lib/ext/sunec.jar
7f3db00e5000-7f3db00e6000 r--s 0000a000 08:02 4066158                    /usr/lib/jvm/java-8-openjdk-amd64/jre/lib/ext/jaccess.jar
7f3db00e6000-7f3db00ee000 rw-s 00000000 08:02 19792271                   /tmp/hsperfdata_paragon/5976
7f3db00ee000-7f3db00ef000 r--p 00000000 08:02 3940044                    /usr/lib/jvm/java-8-openjdk-amd64/jre/lib/amd64/libnpt.so
7f3db00ef000-7f3db00f1000 r-xp 00001000 08:02 3940044                    /usr/lib/jvm/java-8-openjdk-amd64/jre/lib/amd64/libnpt.so
7f3db00f1000-7f3db00f2000 r--p 00003000 08:02 3940044                    /usr/lib/jvm/java-8-openjdk-amd64/jre/lib/amd64/libnpt.so
7f3db00f2000-7f3db00f3000 r--p 00003000 08:02 3940044                    /usr/lib/jvm/java-8-openjdk-amd64/jre/lib/amd64/libnpt.so
7f3db00f3000-7f3db00f4000 rw-p 00004000 08:02 3940044                    /usr/lib/jvm/java-8-openjdk-amd64/jre/lib/amd64/libnpt.so
7f3db00f4000-7f3db00f5000 rw-p 00000000 00:00 0 
7f3db00f5000-7f3db00f8000 r--p 00000000 08:02 3940017                    /usr/lib/jvm/java-8-openjdk-amd64/jre/lib/amd64/jli/libjli.so
7f3db00f8000-7f3db0102000 r-xp 00003000 08:02 3940017                    /usr/lib/jvm/java-8-openjdk-amd64/jre/lib/amd64/jli/libjli.so
7f3db0102000-7f3db0105000 r--p 0000d000 08:02 3940017                    /usr/lib/jvm/java-8-openjdk-amd64/jre/lib/amd64/jli/libjli.so
7f3db0105000-7f3db0106000 r--p 0000f000 08:02 3940017                    /usr/lib/jvm/java-8-openjdk-amd64/jre/lib/amd64/jli/libjli.so
7f3db0106000-7f3db0107000 rw-p 00010000 08:02 3940017                    /usr/lib/jvm/java-8-openjdk-amd64/jre/lib/amd64/jli/libjli.so
7f3db0107000-7f3db0109000 rw-p 00000000 00:00 0 
7f3db0109000-7f3db010a000 r--p 00000000 08:02 3803280                    /usr/lib/x86_64-linux-gnu/ld-2.31.so
7f3db010a000-7f3db012d000 r-xp 00001000 08:02 3803280                    /usr/lib/x86_64-linux-gnu/ld-2.31.so
7f3db012d000-7f3db0135000 r--p 00024000 08:02 3803280                    /usr/lib/x86_64-linux-gnu/ld-2.31.so
7f3db0135000-7f3db0136000 r--p 00000000 00:00 0 
7f3db0136000-7f3db0137000 r--p 0002c000 08:02 3803280                    /usr/lib/x86_64-linux-gnu/ld-2.31.so
7f3db0137000-7f3db0138000 rw-p 0002d000 08:02 3803280                    /usr/lib/x86_64-linux-gnu/ld-2.31.so
7f3db0138000-7f3db0139000 rw-p 00000000 00:00 0 
7ffeee668000-7ffeee68b000 rw-p 00000000 00:00 0                          [stack]
7ffeee6eb000-7ffeee6ef000 r--p 00000000 00:00 0                          [vvar]
7ffeee6ef000-7ffeee6f1000 r-xp 00000000 00:00 0                          [vdso]
ffffffffff600000-ffffffffff601000 --xp 00000000 00:00 0                  [vsyscall]

VM Arguments:
jvm_args: -agentlib:jdwp=transport=dt_socket,suspend=y,address=localhost:45881 -javaagent:/home/paragon/Desktop/spring-tool-suite-4-4.13.1.RELEASE-e4.22.0-linux.gtk.x86_64/sts-4.13.1.RELEASE/configuration/org.eclipse.osgi/257/0/.cp/lib/javaagent-shaded.jar -Dfile.encoding=UTF-8 
java_command: com.bitutech.BituTechApp
java_class_path (initial): /home/paragon/Documents/BituTech_Java_Code/BituTech/target/classes:/home/paragon/.m2/repository/org/springframework/boot/spring-boot-starter-data-jdbc/2.3.0.M1/spring-boot-starter-data-jdbc-2.3.0.M1.jar:/home/paragon/.m2/repository/org/springframework/boot/spring-boot-starter-jdbc/2.3.0.M1/spring-boot-starter-jdbc-2.3.0.M1.jar:/home/paragon/.m2/repository/com/zaxxer/HikariCP/3.4.1/HikariCP-3.4.1.jar:/home/paragon/.m2/repository/org/springframework/spring-jdbc/5.2.3.RELEASE/spring-jdbc-5.2.3.RELEASE.jar:/home/paragon/.m2/repository/org/springframework/data/spring-data-jdbc/2.0.0.M2/spring-data-jdbc-2.0.0.M2.jar:/home/paragon/.m2/repository/org/springframework/data/spring-data-relational/2.0.0.M2/spring-data-relational-2.0.0.M2.jar:/home/paragon/.m2/repository/org/springframework/data/spring-data-commons/2.3.0.M2/spring-data-commons-2.3.0.M2.jar:/home/paragon/.m2/repository/org/springframework/spring-tx/5.2.3.RELEASE/spring-tx-5.2.3.RELEASE.jar:/home/paragon/.m2/repository/org/springframework/spring-context/5.2.3.RELEASE/spring-context-5.2.3.RELEASE.jar:/home/paragon/.m2/repository/org/springframework/spring-beans/5.2.3.RELEASE/spring-beans-5.2.3.RELEASE.jar:/home/paragon/.m2/repository/org/springframework/boot/spring-boot-starter-web/2.3.0.M1/spring-boot-starter-web-2.3.0.M1.jar:/home/paragon/.m2/repository/org/springframework/boot/spring-boot-starter/2.3.0.M1/spring-boot-starter-2.3.0.M1.jar:/home/paragon/.m2/repository/org/springframework/boot/spring-boot/2.3.0.M1/spring-boot-2.3.0.M1.jar:/home/paragon/.m2/repository/org/springframework/boot/spring-boot-autoconfigure/2.3.0.M1/spring-boot-autoconfigure-2.3.0.M1.jar:/home/paragon/.m2/repository/org/springframework/boot/spring-boot-starter-logging/2.3.0.M1/spring-boot-starter-logging-2.3.0.M1.jar:/home/paragon/.m2/repository/ch/qos/logback/logback-classic/1.2.3/logback-classic-1.2.3.jar:/home/paragon/.m2/repository/ch/qos/logback/logback-core/1.2.3/logback-core-1.2.3.jar:/home/paragon/.m2/
Launcher Type: SUN_STANDARD

Environment Variables:
PATH=/usr/local/sbin:/usr/local/bin:/usr/sbin:/usr/bin:/sbin:/bin:/usr/games:/usr/local/games:/snap/bin
USERNAME=paragon
SHELL=/bin/bash
DISPLAY=:0

Signal Handlers:
SIGSEGV: [libjvm.so+0xb373b0], sa_mask[0]=11111111011111111101111111111110, sa_flags=SA_RESTART|SA_SIGINFO
SIGBUS: [libjvm.so+0xb373b0], sa_mask[0]=11111111011111111101111111111110, sa_flags=SA_RESTART|SA_SIGINFO
SIGFPE: [libjvm.so+0x97bff0], sa_mask[0]=11111111011111111101111111111110, sa_flags=SA_RESTART|SA_SIGINFO
SIGPIPE: [libjvm.so+0x97bff0], sa_mask[0]=11111111011111111101111111111110, sa_flags=SA_RESTART|SA_SIGINFO
SIGXFSZ: [libjvm.so+0x97bff0], sa_mask[0]=11111111011111111101111111111110, sa_flags=SA_RESTART|SA_SIGINFO
SIGILL: [libjvm.so+0x97bff0], sa_mask[0]=11111111011111111101111111111110, sa_flags=SA_RESTART|SA_SIGINFO
SIGUSR1: SIG_DFL, sa_mask[0]=00000000000000000000000000000000, sa_flags=none
SIGUSR2: [libjvm.so+0x97bea0], sa_mask[0]=00100000000000000000000000000000, sa_flags=SA_RESTART|SA_SIGINFO
SIGHUP: [libjvm.so+0x97c270], sa_mask[0]=11111111011111111101111111111110, sa_flags=SA_RESTART|SA_SIGINFO
SIGINT: [libjvm.so+0x97c270], sa_mask[0]=11111111011111111101111111111110, sa_flags=SA_RESTART|SA_SIGINFO
SIGTERM: [libjvm.so+0x97c270], sa_mask[0]=11111111011111111101111111111110, sa_flags=SA_RESTART|SA_SIGINFO
SIGQUIT: [libjvm.so+0x97c270], sa_mask[0]=11111111011111111101111111111110, sa_flags=SA_RESTART|SA_SIGINFO


---------------  S Y S T E M  ---------------

OS:DISTRIB_ID=Ubuntu
DISTRIB_RELEASE=20.04
DISTRIB_CODENAME=focal
DISTRIB_DESCRIPTION="Ubuntu 20.04.4 LTS"

uname:Linux 5.13.0-39-generic #44~20.04.1-Ubuntu SMP Thu Mar 24 16:43:35 UTC 2022 x86_64
libc:glibc 2.31 NPTL 2.31 
rlimit: STACK 8192k, CORE 0k, NPROC 30889, NOFILE 1048576, AS infinity
load average:2.12 0.63 0.45

/proc/meminfo:
MemTotal:        7974768 kB
MemFree:          466444 kB
MemAvailable:    3425220 kB
Buffers:          219172 kB
Cached:          3009440 kB
SwapCached:            0 kB
Active:          1415164 kB
Inactive:        5506564 kB
Active(anon):      13780 kB
Inactive(anon):  3884176 kB
Active(file):    1401384 kB
Inactive(file):  1622388 kB
Unevictable:      151664 kB
Mlocked:              32 kB
SwapTotal:       2097148 kB
SwapFree:        2097148 kB
Dirty:              1052 kB
Writeback:             0 kB
AnonPages:       3844684 kB
Mapped:           766976 kB
Shmem:            218632 kB
KReclaimable:     238128 kB
Slab:             330420 kB
SReclaimable:     238128 kB
SUnreclaim:        92292 kB
KernelStack:       16128 kB
PageTables:        37436 kB
NFS_Unstable:          0 kB
Bounce:                0 kB
WritebackTmp:          0 kB
CommitLimit:     6084532 kB
Committed_AS:   11168684 kB
VmallocTotal:   34359738367 kB
VmallocUsed:       31900 kB
VmallocChunk:          0 kB
Percpu:             3616 kB
HardwareCorrupted:     0 kB
AnonHugePages:         0 kB
ShmemHugePages:        0 kB
ShmemPmdMapped:        0 kB
FileHugePages:         0 kB
FilePmdMapped:         0 kB
HugePages_Total:       0
HugePages_Free:        0
HugePages_Rsvd:        0
HugePages_Surp:        0
Hugepagesize:       2048 kB
Hugetlb:               0 kB
DirectMap4k:      211696 kB
DirectMap2M:     8009728 kB

container (cgroup) information:
container_type: cgroupv1
cpu_cpuset_cpus: 0-3
cpu_memory_nodes: 0
active_processor_count: 4
cpu_quota: -1
cpu_period: 100000
cpu_shares: -1
memory_limit_in_bytes: -1
memory_and_swap_limit_in_bytes: -1
memory_soft_limit_in_bytes: -1
memory_usage_in_bytes: 5831258112
memory_max_usage_in_bytes: 5831823360


CPU:total 4 (initial active 4) (4 cores per cpu, 1 threads per core) family 6 model 58 stepping 9, cmov, cx8, fxsr, mmx, sse, sse2, sse3, ssse3, sse4.1, sse4.2, popcnt, avx, aes, clmul, erms, tsc, tscinvbit, tscinv

/proc/cpuinfo:
processor	: 0
vendor_id	: GenuineIntel
cpu family	: 6
model		: 58
model name	: Intel(R) Core(TM) i5-3450 CPU @ 3.10GHz
stepping	: 9
microcode	: 0x21
cpu MHz		: 3292.624
cache size	: 6144 KB
physical id	: 0
siblings	: 4
core id		: 0
cpu cores	: 4
apicid		: 0
initial apicid	: 0
fpu		: yes
fpu_exception	: yes
cpuid level	: 13
wp		: yes
flags		: fpu vme de pse tsc msr pae mce cx8 apic sep mtrr pge mca cmov pat pse36 clflush dts acpi mmx fxsr sse sse2 ss ht tm pbe syscall nx rdtscp lm constant_tsc arch_perfmon pebs bts rep_good nopl xtopology nonstop_tsc cpuid aperfmperf pni pclmulqdq dtes64 monitor ds_cpl vmx est tm2 ssse3 cx16 xtpr pdcm pcid sse4_1 sse4_2 popcnt tsc_deadline_timer aes xsave avx f16c rdrand lahf_lm cpuid_fault epb pti ssbd ibrs ibpb stibp tpr_shadow vnmi flexpriority ept vpid fsgsbase smep erms xsaveopt dtherm ida arat pln pts md_clear flush_l1d
vmx flags	: vnmi preemption_timer invvpid ept_x_only flexpriority tsc_offset vtpr mtf vapic ept vpid unrestricted_guest
bugs		: cpu_meltdown spectre_v1 spectre_v2 spec_store_bypass l1tf mds swapgs itlb_multihit srbds
bogomips	: 6186.14
clflush size	: 64
cache_alignment	: 64
address sizes	: 36 bits physical, 48 bits virtual
power management:

processor	: 1
vendor_id	: GenuineIntel
cpu family	: 6
model		: 58
model name	: Intel(R) Core(TM) i5-3450 CPU @ 3.10GHz
stepping	: 9
microcode	: 0x21
cpu MHz		: 3292.625
cache size	: 6144 KB
physical id	: 0
siblings	: 4
core id		: 1
cpu cores	: 4
apicid		: 2
initial apicid	: 2
fpu		: yes
fpu_exception	: yes
cpuid level	: 13
wp		: yes
flags		: fpu vme de pse tsc msr pae mce cx8 apic sep mtrr pge mca cmov pat pse36 clflush dts acpi mmx fxsr sse sse2 ss ht tm pbe syscall nx rdtscp lm constant_tsc arch_perfmon pebs bts rep_good nopl xtopology nonstop_tsc cpuid aperfmperf pni pclmulqdq dtes64 monitor ds_cpl vmx est tm2 ssse3 cx16 xtpr pdcm pcid sse4_1 sse4_2 popcnt tsc_deadline_timer aes xsave avx f16c rdrand lahf_lm cpuid_fault epb pti ssbd ibrs ibpb stibp tpr_shadow vnmi flexpriority ept vpid fsgsbase smep erms xsaveopt dtherm ida arat pln pts md_clear flush_l1d
vmx flags	: vnmi preemption_timer invvpid ept_x_only flexpriority tsc_offset vtpr mtf vapic ept vpid unrestricted_guest
bugs		: cpu_meltdown spectre_v1 spectre_v2 spec_store_bypass l1tf mds swapgs itlb_multihit srbds
bogomips	: 6186.14
clflush size	: 64
cache_alignment	: 64
address sizes	: 36 bits physical, 48 bits virtual
power management:

processor	: 2
vendor_id	: GenuineIntel
cpu family	: 6
model		: 58
model name	: Intel(R) Core(TM) i5-3450 CPU @ 3.10GHz
stepping	: 9
microcode	: 0x21
cpu MHz		: 3292.625
cache size	: 6144 KB
physical id	: 0
siblings	: 4
core id		: 2
cpu cores	: 4
apicid		: 4
initial apicid	: 4
fpu		: yes
fpu_exception	: yes
cpuid level	: 13
wp		: yes
flags		: fpu vme de pse tsc msr pae mce cx8 apic sep mtrr pge mca cmov pat pse36 clflush dts acpi mmx fxsr sse sse2 ss ht tm pbe syscall nx rdtscp lm constant_tsc arch_perfmon pebs bts rep_good nopl xtopology nonstop_tsc cpuid aperfmperf pni pclmulqdq dtes64 monitor ds_cpl vmx est tm2 ssse3 cx16 xtpr pdcm pcid sse4_1 sse4_2 popcnt tsc_deadline_timer aes xsave avx f16c rdrand lahf_lm cpuid_fault epb pti ssbd ibrs ibpb stibp tpr_shadow vnmi flexpriority ept vpid fsgsbase smep erms xsaveopt dtherm ida arat pln pts md_clear flush_l1d
vmx flags	: vnmi preemption_timer invvpid ept_x_only flexpriority tsc_offset vtpr mtf vapic ept vpid unrestricted_guest
bugs		: cpu_meltdown spectre_v1 spectre_v2 spec_store_bypass l1tf mds swapgs itlb_multihit srbds
bogomips	: 6186.14
clflush size	: 64
cache_alignment	: 64
address sizes	: 36 bits physical, 48 bits virtual
power management:

processor	: 3
vendor_id	: GenuineIntel
cpu family	: 6
model		: 58
model name	: Intel(R) Core(TM) i5-3450 CPU @ 3.10GHz
stepping	: 9
microcode	: 0x21
cpu MHz		: 3292.624
cache size	: 6144 KB
physical id	: 0
siblings	: 4
core id		: 3
cpu cores	: 4
apicid		: 6
initial apicid	: 6
fpu		: yes
fpu_exception	: yes
cpuid level	: 13
wp		: yes
flags		: fpu vme de pse tsc msr pae mce cx8 apic sep mtrr pge mca cmov pat pse36 clflush dts acpi mmx fxsr sse sse2 ss ht tm pbe syscall nx rdtscp lm constant_tsc arch_perfmon pebs bts rep_good nopl xtopology nonstop_tsc cpuid aperfmperf pni pclmulqdq dtes64 monitor ds_cpl vmx est tm2 ssse3 cx16 xtpr pdcm pcid sse4_1 sse4_2 popcnt tsc_deadline_timer aes xsave avx f16c rdrand lahf_lm cpuid_fault epb pti ssbd ibrs ibpb stibp tpr_shadow vnmi flexpriority ept vpid fsgsbase smep erms xsaveopt dtherm ida arat pln pts md_clear flush_l1d
vmx flags	: vnmi preemption_timer invvpid ept_x_only flexpriority tsc_offset vtpr mtf vapic ept vpid unrestricted_guest
bugs		: cpu_meltdown spectre_v1 spectre_v2 spec_store_bypass l1tf mds swapgs itlb_multihit srbds
bogomips	: 6186.14
clflush size	: 64
cache_alignment	: 64
address sizes	: 36 bits physical, 48 bits virtual
power management:



Memory: 4k page, physical 7974768k(464028k free), swap 2097148k(2097148k free)

vm_info: OpenJDK 64-Bit Server VM (25.312-b07) for linux-amd64 JRE (1.8.0_312-8u312-b07-0ubuntu1~20.04-b07), built on Nov  3 2021 13:54:59 by "buildd" with gcc 9.3.0

time: Sat Apr  2 10:29:36 2022
timezone: IST
elapsed time: 17.279420 seconds (0d 0h 0m 17s)

