#
# A fatal error has been detected by the Java Runtime Environment:
#
#  SIGSEGV (0xb) at pc=0x00007fc1eb9084a7, pid=5861, tid=0x00007fc1d081a700
#
# JRE version: OpenJDK Runtime Environment (8.0_312-b07) (build 1.8.0_312-8u312-b07-0ubuntu1~20.04-b07)
# Java VM: OpenJDK 64-Bit Server VM (25.312-b07 mixed mode linux-amd64 compressed oops)
# Problematic frame:
# V  [libjvm.so+0x32e4a7]
#
# Failed to write core dump. Core dumps have been disabled. To enable core dumping, try "ulimit -c unlimited" before starting Java again
#
# If you would like to submit a bug report, please visit:
#   http://bugreport.java.com/bugreport/crash.jsp
#

---------------  T H R E A D  ---------------

Current thread (0x00007fc1e45f4000):  JavaThread "C2 CompilerThread0" daemon [_thread_in_native, id=5889, stack(0x00007fc1d071b000,0x00007fc1d081b000)]

siginfo: si_signo: 11 (SIGSEGV), si_code: 128 (SI_KERNEL), si_addr: 0x0000000000000000

Registers:
RAX=0x8800007fc1e91890, RBX=0x00007fc1d0816a80, RCX=0x000000000000000a, RDX=0x00007fc1e4296030
RSP=0x00007fc1d0816850, RBP=0x00007fc1d08169c0, RSI=0x0000000000000009, RDI=0x0000000000000009
R8 =0x0000000000002828, R9 =0x000000000000a078, R10=0x0000000000000020, R11=0x000000000000000c
R12=0x00007fc1a09b2908, R13=0x0000000000000075, R14=0x00007fc19ce5bf18, R15=0x00007fc1e42962d4
RIP=0x00007fc1eb9084a7, EFLAGS=0x0000000000010202, CSGSFS=0x002b000000000033, ERR=0x0000000000000000
  TRAPNO=0x000000000000000d

Top of Stack: (sp=0x00007fc1d0816850)
0x00007fc1d0816850:   0000000000000000 0000000000000124
0x00007fc1d0816860:   00007fc1d0816b10 00007fc1a09b2908
0x00007fc1d0816870:   00007fc1d0818ef0 0000000000000028
0x00007fc1d0816880:   0000000000000024 0000000000000020
0x00007fc1d0816890:   00007fc1d0816a80 00007fc19ce5bf28
0x00007fc1d08168a0:   ffffffffffffffcf 00007fc19ce5bf3c
0x00007fc1d08168b0:   00007fc19ce5bf38 0000000000000020
0x00007fc1d08168c0:   0000000000000030 000000000000000a
0x00007fc1d08168d0:   0000000000000009 00007fc19ce4d7b0
0x00007fc1d08168e0:   0000000000000008 00007fc19ce5bf40
0x00007fc1d08168f0:   000000000000000a 0000000a00000124
0x00007fc1d0816900:   00007fc194c3c9a0 0000000a00000009
0x00007fc1d0816910:   00007fc1e45f1da0 000000000000e778
0x00007fc1d0816920:   000000080000000a 000000000000e768
0x00007fc1d0816930:   00007fc1e45a6270 0000000000000000
0x00007fc1d0816940:   00007fc1ffffffff 00007fc1d0816a00
0x00007fc1d0816950:   0000000000000000 0000000000000044
0x00007fc1d0816960:   00007fc100000200 00007fc1e45f1da0
0x00007fc1d0816970:   00007fc19c6f93d0 0000048b00000075
0x00007fc1d0816980:   00007fc19d9fe918 8f3465689ecc3e00
0x00007fc1d0816990:   0000000000000005 00000000000005c9
0x00007fc1d08169a0:   00007fc1a111bca0 00007fc1e4290a30
0x00007fc1d08169b0:   000000000000b3fb 00007fc1d0818ef0
0x00007fc1d08169c0:   00007fc1d0816a10 00007fc1ebf7451e
0x00007fc1d08169d0:   00007fc19d9f9f28 00007fc1d0819700
0x00007fc1d08169e0:   00007fc1ec394b68 00007fc1d0818ef0
0x00007fc1d08169f0:   00007fc1d0816a30 00007fc1d0816c40
0x00007fc1d0816a00:   00007fc1ec394b68 00007fc1d0816a80
0x00007fc1d0816a10:   00007fc1d08182a0 00007fc1eba679c8
0x00007fc1d0816a20:   0000000000000000 00007fc1d0818ef0
0x00007fc1d0816a30:   0000000000000000 0000000000000000
0x00007fc1d0816a40:   00007fc1d0816a80 00007fc194d1ea00 

Instructions: (pc=0x00007fc1eb9084a7)
0x00007fc1eb908487:   b0 41 83 ed 01 8b 8d 60 ff ff ff 4c 8b 38 44 89
0x00007fc1eb908497:   6d b8 4a 8b 14 e8 48 89 10 49 8b 47 40 48 8b 00
0x00007fc1eb9084a7:   0f af 48 4c 48 83 bd 30 ff ff ff 00 48 63 c9 0f
0x00007fc1eb9084b7:   8e 76 0c 00 00 8b 85 4c ff ff ff 48 8d 14 8d 00 

Register to memory mapping:

RAX=0x8800007fc1e91890 is an unknown value
RBX=0x00007fc1d0816a80 is pointing into the stack for thread: 0x00007fc1e45f4000
RCX=0x000000000000000a is an unknown value
RDX=0x00007fc1e4296030 is an unknown value
RSP=0x00007fc1d0816850 is pointing into the stack for thread: 0x00007fc1e45f4000
RBP=0x00007fc1d08169c0 is pointing into the stack for thread: 0x00007fc1e45f4000
RSI=0x0000000000000009 is an unknown value
RDI=0x0000000000000009 is an unknown value
R8 =0x0000000000002828 is an unknown value
R9 =0x000000000000a078 is an unknown value
R10=0x0000000000000020 is an unknown value
R11=0x000000000000000c is an unknown value
R12=0x00007fc1a09b2908 is an unknown value
R13=0x0000000000000075 is an unknown value
R14=0x00007fc19ce5bf18 is an unknown value
R15=0x00007fc1e42962d4 is an unknown value


Stack: [0x00007fc1d071b000,0x00007fc1d081b000],  sp=0x00007fc1d0816850,  free space=1006k
Native frames: (J=compiled Java code, j=interpreted, Vv=VM code, C=native code)
V  [libjvm.so+0x32e4a7]
V  [libjvm.so+0x99a51e]
V  [libjvm.so+0x48d9c8]
V  [libjvm.so+0x490c7b]
V  [libjvm.so+0x3e4418]
V  [libjvm.so+0x49983b]
V  [libjvm.so+0x49b0c8]
V  [libjvm.so+0xadb400]
V  [libjvm.so+0xadb752]
V  [libjvm.so+0x97dec0]
C  [libpthread.so.0+0x8609]  start_thread+0xd9


Current CompileTask:
C2:   5700 1971 %     4       org.eclipse.jdt.launching.internal.org.objectweb.asm.ClassReader::readCode @ 2232 (5109 bytes)


---------------  P R O C E S S  ---------------

Java Threads: ( => current thread )
  0x00007fc1ac001000 JavaThread "Attach Listener" daemon [_thread_blocked, id=5895, stack(0x00007fc1d0215000,0x00007fc1d0316000)]
  0x00007fc1e45fb800 JavaThread "Service Thread" daemon [_thread_blocked, id=5892, stack(0x00007fc1d0417000,0x00007fc1d0518000)]
  0x00007fc1e45f8000 JavaThread "C1 CompilerThread2" daemon [_thread_blocked, id=5891, stack(0x00007fc1d0519000,0x00007fc1d0619000)]
  0x00007fc1e45f6000 JavaThread "C2 CompilerThread1" daemon [_thread_in_native, id=5890, stack(0x00007fc1d061a000,0x00007fc1d071a000)]
=>0x00007fc1e45f4000 JavaThread "C2 CompilerThread0" daemon [_thread_in_native, id=5889, stack(0x00007fc1d071b000,0x00007fc1d081b000)]
  0x00007fc1b0001800 JavaThread "JDWP Command Reader" daemon [_thread_in_native, id=5885, stack(0x00007fc1d0b18000,0x00007fc1d0c19000)]
  0x00007fc1e419d800 JavaThread "JDWP Event Helper Thread" daemon [_thread_blocked, id=5884, stack(0x00007fc1d0c19000,0x00007fc1d0d1a000)]
  0x00007fc1e419a000 JavaThread "JDWP Transport Listener: dt_socket" daemon [_thread_blocked, id=5883, stack(0x00007fc1d0d1a000,0x00007fc1d0e1b000)]
  0x00007fc1e4181800 JavaThread "Signal Dispatcher" daemon [_thread_blocked, id=5881, stack(0x00007fc1d0e1b000,0x00007fc1d0f1c000)]
  0x00007fc1e4154800 JavaThread "Finalizer" daemon [_thread_blocked, id=5880, stack(0x00007fc1d0f1c000,0x00007fc1d101d000)]
  0x00007fc1e4150000 JavaThread "Reference Handler" daemon [_thread_blocked, id=5879, stack(0x00007fc1d101d000,0x00007fc1d111e000)]
  0x00007fc1e4011800 JavaThread "main" [_thread_in_native, id=5873, stack(0x00007fc1eb18e000,0x00007fc1eb28e000)]

Other Threads:
  0x00007fc1e4146800 VMThread [stack: 0x00007fc1d111f000,0x00007fc1d121f000] [id=5878]
  0x00007fc1e45fe800 WatcherThread [stack: 0x00007fc1d0317000,0x00007fc1d0417000] [id=5893]

VM state:not at safepoint (normal execution)

VM Mutex/Monitor currently owned by a thread: None

heap address: 0x0000000086400000, size: 1948 MB, Compressed Oops mode: 32-bit
Narrow klass base: 0x0000000000000000, Narrow klass shift: 3
Compressed class space size: 1073741824 Address: 0x0000000100000000

Heap:
 PSYoungGen      total 129536K, used 27498K [0x00000000d7700000, 0x00000000e2480000, 0x0000000100000000)
  eden space 122368K, 16% used [0x00000000d7700000,0x00000000d8adabb0,0x00000000dee80000)
  from space 7168K, 99% used [0x00000000dee80000,0x00000000df57ff90,0x00000000df580000)
  to   space 8704K, 0% used [0x00000000e1c00000,0x00000000e1c00000,0x00000000e2480000)
 ParOldGen       total 46592K, used 7096K [0x0000000086400000, 0x0000000089180000, 0x00000000d7700000)
  object space 46592K, 15% used [0x0000000086400000,0x0000000086aee268,0x0000000089180000)
 Metaspace       used 28007K, capacity 28902K, committed 29184K, reserved 1075200K
  class space    used 3547K, capacity 3735K, committed 3840K, reserved 1048576K

Card table byte_map: [0x00007fc1ea3d1000,0x00007fc1ea7a0000] byte_map_base: 0x00007fc1e9f9f000

Marking Bits: (ParMarkBitMap*) 0x00007fc1ec3bf720
 Begin Bits: [0x00007fc1d1320000, 0x00007fc1d3190000)
 End Bits:   [0x00007fc1d3190000, 0x00007fc1d5000000)

Polling page: 0x00007fc1ec667000

CodeCache: size=245760Kb used=11735Kb max_used=11735Kb free=234024Kb
 bounds [0x00007fc1d5000000, 0x00007fc1d5b80000, 0x00007fc1e4000000]
 total_blobs=3465 nmethods=3083 adapters=300
 compilation: enabled

Compilation events (10 events):
Event: 5.683 Thread 0x00007fc1e45f6000 3079       4       java.util.RegularEnumSet::add (9 bytes)
Event: 5.683 Thread 0x00007fc1e45f8000 3081       3       org.springframework.boot.context.properties.ConfigurationPropertiesBeanDefinitionValidator::isValueObjectBeanDefinition (13 bytes)
Event: 5.683 Thread 0x00007fc1e45f8000 nmethod 3081 0x00007fc1d5b52b10 code [0x00007fc1d5b52c80, 0x00007fc1d5b52f68]
Event: 5.683 Thread 0x00007fc1e45f8000 3082   !   3       org.springframework.boot.context.properties.ConfigurationPropertiesBeanDefinitionValidator::validate (59 bytes)
Event: 5.684 Thread 0x00007fc1e45f8000 nmethod 3082 0x00007fc1d5b55850 code [0x00007fc1d5b55aa0, 0x00007fc1d5b56708]
Event: 5.684 Thread 0x00007fc1e45f6000 nmethod 3079 0x00007fc1d5b52750 code [0x00007fc1d5b528a0, 0x00007fc1d5b529d8]
Event: 5.684 Thread 0x00007fc1e45f6000 3080       4       java.util.RegularEnumSet::add (40 bytes)
Event: 5.685 Thread 0x00007fc1e45f6000 nmethod 3080 0x00007fc1d5b59c10 code [0x00007fc1d5b59d60, 0x00007fc1d5b59e58]
Event: 5.691 Thread 0x00007fc1e45f6000 3083       4       org.eclipse.jdt.launching.internal.org.objectweb.asm.ClassReader::readMethod (1066 bytes)
Event: 5.700 Thread 0x00007fc1e45f8000 3084       3       java.lang.reflect.Constructor::getDeclaredAnnotations (5 bytes)

GC Heap History (10 events):
Event: 3.986 GC heap before
{Heap before GC invocations=6 (full 0):
 PSYoungGen      total 36352K, used 36331K [0x00000000d7700000, 0x00000000dc100000, 0x0000000100000000)
  eden space 31232K, 100% used [0x00000000d7700000,0x00000000d9580000,0x00000000d9580000)
  from space 5120K, 99% used [0x00000000d9580000,0x00000000d9a7afb0,0x00000000d9a80000)
  to   space 6656K, 0% used [0x00000000dba80000,0x00000000dba80000,0x00000000dc100000)
 ParOldGen       total 83456K, used 509K [0x0000000086400000, 0x000000008b580000, 0x00000000d7700000)
  object space 83456K, 0% used [0x0000000086400000,0x000000008647f6e0,0x000000008b580000)
 Metaspace       used 19625K, capacity 20184K, committed 20352K, reserved 1067008K
  class space    used 2466K, capacity 2602K, committed 2688K, reserved 1048576K
Event: 3.993 GC heap after
Heap after GC invocations=6 (full 0):
 PSYoungGen      total 68608K, used 6430K [0x00000000d7700000, 0x00000000dc200000, 0x0000000100000000)
  eden space 61952K, 0% used [0x00000000d7700000,0x00000000d7700000,0x00000000db380000)
  from space 6656K, 96% used [0x00000000dba80000,0x00000000dc0c79c8,0x00000000dc100000)
  to   space 7168K, 0% used [0x00000000db380000,0x00000000db380000,0x00000000dba80000)
 ParOldGen       total 83456K, used 517K [0x0000000086400000, 0x000000008b580000, 0x00000000d7700000)
  object space 83456K, 0% used [0x0000000086400000,0x00000000864816e0,0x000000008b580000)
 Metaspace       used 19625K, capacity 20184K, committed 20352K, reserved 1067008K
  class space    used 2466K, capacity 2602K, committed 2688K, reserved 1048576K
}
Event: 4.109 GC heap before
{Heap before GC invocations=7 (full 0):
 PSYoungGen      total 68608K, used 26836K [0x00000000d7700000, 0x00000000dc200000, 0x0000000100000000)
  eden space 61952K, 32% used [0x00000000d7700000,0x00000000d8aed8c0,0x00000000db380000)
  from space 6656K, 96% used [0x00000000dba80000,0x00000000dc0c79c8,0x00000000dc100000)
  to   space 7168K, 0% used [0x00000000db380000,0x00000000db380000,0x00000000dba80000)
 ParOldGen       total 83456K, used 517K [0x0000000086400000, 0x000000008b580000, 0x00000000d7700000)
  object space 83456K, 0% used [0x0000000086400000,0x00000000864816e0,0x000000008b580000)
 Metaspace       used 20537K, capacity 21126K, committed 21248K, reserved 1067008K
  class space    used 2542K, capacity 2699K, committed 2816K, reserved 1048576K
Event: 4.118 GC heap after
Heap after GC invocations=7 (full 0):
 PSYoungGen      total 69120K, used 3441K [0x00000000d7700000, 0x00000000dfe00000, 0x0000000100000000)
  eden space 61952K, 0% used [0x00000000d7700000,0x00000000d7700000,0x00000000db380000)
  from space 7168K, 48% used [0x00000000db380000,0x00000000db6dc6b0,0x00000000dba80000)
  to   space 7168K, 0% used [0x00000000df700000,0x00000000df700000,0x00000000dfe00000)
 ParOldGen       total 83456K, used 3143K [0x0000000086400000, 0x000000008b580000, 0x00000000d7700000)
  object space 83456K, 3% used [0x0000000086400000,0x0000000086711c48,0x000000008b580000)
 Metaspace       used 20537K, capacity 21126K, committed 21248K, reserved 1067008K
  class space    used 2542K, capacity 2699K, committed 2816K, reserved 1048576K
}
Event: 4.118 GC heap before
{Heap before GC invocations=8 (full 1):
 PSYoungGen      total 69120K, used 3441K [0x00000000d7700000, 0x00000000dfe00000, 0x0000000100000000)
  eden space 61952K, 0% used [0x00000000d7700000,0x00000000d7700000,0x00000000db380000)
  from space 7168K, 48% used [0x00000000db380000,0x00000000db6dc6b0,0x00000000dba80000)
  to   space 7168K, 0% used [0x00000000df700000,0x00000000df700000,0x00000000dfe00000)
 ParOldGen       total 83456K, used 3143K [0x0000000086400000, 0x000000008b580000, 0x00000000d7700000)
  object space 83456K, 3% used [0x0000000086400000,0x0000000086711c48,0x000000008b580000)
 Metaspace       used 20537K, capacity 21126K, committed 21248K, reserved 1067008K
  class space    used 2542K, capacity 2699K, committed 2816K, reserved 1048576K
Event: 4.152 GC heap after
Heap after GC invocations=8 (full 1):
 PSYoungGen      total 69120K, used 0K [0x00000000d7700000, 0x00000000dfe00000, 0x0000000100000000)
  eden space 61952K, 0% used [0x00000000d7700000,0x00000000d7700000,0x00000000db380000)
  from space 7168K, 0% used [0x00000000db380000,0x00000000db380000,0x00000000dba80000)
  to   space 7168K, 0% used [0x00000000df700000,0x00000000df700000,0x00000000dfe00000)
 ParOldGen       total 46592K, used 5978K [0x0000000086400000, 0x0000000089180000, 0x00000000d7700000)
  object space 46592K, 12% used [0x0000000086400000,0x00000000869d6a68,0x0000000089180000)
 Metaspace       used 20535K, capacity 21120K, committed 21248K, reserved 1067008K
  class space    used 2542K, capacity 2698K, committed 2816K, reserved 1048576K
}
Event: 4.375 GC heap before
{Heap before GC invocations=9 (full 1):
 PSYoungGen      total 69120K, used 61952K [0x00000000d7700000, 0x00000000dfe00000, 0x0000000100000000)
  eden space 61952K, 100% used [0x00000000d7700000,0x00000000db380000,0x00000000db380000)
  from space 7168K, 0% used [0x00000000db380000,0x00000000db380000,0x00000000dba80000)
  to   space 7168K, 0% used [0x00000000df700000,0x00000000df700000,0x00000000dfe00000)
 ParOldGen       total 46592K, used 5978K [0x0000000086400000, 0x0000000089180000, 0x00000000d7700000)
  object space 46592K, 12% used [0x0000000086400000,0x00000000869d6a68,0x0000000089180000)
 Metaspace       used 22945K, capacity 23598K, committed 23808K, reserved 1071104K
  class space    used 2859K, capacity 3057K, committed 3072K, reserved 1048576K
Event: 4.385 GC heap after
Heap after GC invocations=9 (full 1):
 PSYoungGen      total 116224K, used 5575K [0x00000000d7700000, 0x00000000dfc80000, 0x0000000100000000)
  eden space 110592K, 0% used [0x00000000d7700000,0x00000000d7700000,0x00000000de300000)
  from space 5632K, 98% used [0x00000000df700000,0x00000000dfc71d90,0x00000000dfc80000)
  to   space 7168K, 0% used [0x00000000dee80000,0x00000000dee80000,0x00000000df580000)
 ParOldGen       total 46592K, used 5986K [0x0000000086400000, 0x0000000089180000, 0x00000000d7700000)
  object space 46592K, 12% used [0x0000000086400000,0x00000000869d8a68,0x0000000089180000)
 Metaspace       used 22945K, capacity 23598K, committed 23808K, reserved 1071104K
  class space    used 2859K, capacity 3057K, committed 3072K, reserved 1048576K
}
Event: 5.415 GC heap before
{Heap before GC invocations=10 (full 1):
 PSYoungGen      total 116224K, used 116167K [0x00000000d7700000, 0x00000000dfc80000, 0x0000000100000000)
  eden space 110592K, 100% used [0x00000000d7700000,0x00000000de300000,0x00000000de300000)
  from space 5632K, 98% used [0x00000000df700000,0x00000000dfc71d90,0x00000000dfc80000)
  to   space 7168K, 0% used [0x00000000dee80000,0x00000000dee80000,0x00000000df580000)
 ParOldGen       total 46592K, used 5986K [0x0000000086400000, 0x0000000089180000, 0x00000000d7700000)
  object space 46592K, 12% used [0x0000000086400000,0x00000000869d8a68,0x0000000089180000)
 Metaspace       used 26614K, capacity 27486K, committed 27776K, reserved 1073152K
  class space    used 3391K, capacity 3595K, committed 3712K, reserved 1048576K
Event: 5.423 GC heap after
Heap after GC invocations=10 (full 1):
 PSYoungGen      total 129536K, used 7167K [0x00000000d7700000, 0x00000000e2480000, 0x0000000100000000)
  eden space 122368K, 0% used [0x00000000d7700000,0x00000000d7700000,0x00000000dee80000)
  from space 7168K, 99% used [0x00000000dee80000,0x00000000df57ff90,0x00000000df580000)
  to   space 8704K, 0% used [0x00000000e1c00000,0x00000000e1c00000,0x00000000e2480000)
 ParOldGen       total 46592K, used 7096K [0x0000000086400000, 0x0000000089180000, 0x00000000d7700000)
  object space 46592K, 15% used [0x0000000086400000,0x0000000086aee268,0x0000000089180000)
 Metaspace       used 26614K, capacity 27486K, committed 27776K, reserved 1073152K
  class space    used 3391K, capacity 3595K, committed 3712K, reserved 1048576K
}

Deoptimization events (10 events):
Event: 5.074 Thread 0x00007fc1e4011800 Uncommon trap: reason=bimorphic action=maybe_recompile pc=0x00007fc1d59b024c method=org.springframework.util.StringUtils.collectionToDelimitedString(Ljava/util/Collection;Ljava/lang/String;Ljava/lang/String;Ljava/lang/String;)Ljava/lang/String; @ 20
Event: 5.076 Thread 0x00007fc1e4011800 Uncommon trap: reason=bimorphic action=maybe_recompile pc=0x00007fc1d59b024c method=org.springframework.util.StringUtils.collectionToDelimitedString(Ljava/util/Collection;Ljava/lang/String;Ljava/lang/String;Ljava/lang/String;)Ljava/lang/String; @ 20
Event: 5.084 Thread 0x00007fc1e4011800 Uncommon trap: reason=bimorphic action=maybe_recompile pc=0x00007fc1d59b024c method=org.springframework.util.StringUtils.collectionToDelimitedString(Ljava/util/Collection;Ljava/lang/String;Ljava/lang/String;Ljava/lang/String;)Ljava/lang/String; @ 20
Event: 5.127 Thread 0x00007fc1e4011800 Uncommon trap: reason=bimorphic action=maybe_recompile pc=0x00007fc1d59b024c method=org.springframework.util.StringUtils.collectionToDelimitedString(Ljava/util/Collection;Ljava/lang/String;Ljava/lang/String;Ljava/lang/String;)Ljava/lang/String; @ 20
Event: 5.367 Thread 0x00007fc1e4011800 Uncommon trap: reason=unstable_if action=reinterpret pc=0x00007fc1d5a6c438 method=org.springframework.beans.factory.support.AbstractBeanFactory.isTypeMatch(Ljava/lang/String;Lorg/springframework/core/ResolvableType;Z)Z @ 99
Event: 5.502 Thread 0x00007fc1e4011800 Uncommon trap: reason=unstable_if action=reinterpret pc=0x00007fc1d5868ad4 method=java.util.LinkedList.node(I)Ljava/util/LinkedList$Node; @ 49
Event: 5.532 Thread 0x00007fc1e4011800 Uncommon trap: reason=unstable_if action=reinterpret pc=0x00007fc1d5a9d900 method=org.springframework.beans.factory.support.AbstractAutowireCapableBeanFactory.predictBeanType(Ljava/lang/String;Lorg/springframework/beans/factory/support/RootBeanDefinition;
Event: 5.534 Thread 0x00007fc1e4011800 Uncommon trap: reason=unstable_if action=reinterpret pc=0x00007fc1d5a17934 method=org.springframework.beans.factory.support.AbstractBeanFactory.getMergedLocalBeanDefinition(Ljava/lang/String;)Lorg/springframework/beans/factory/support/RootBeanDefinition; 
Event: 5.538 Thread 0x00007fc1e4011800 Uncommon trap: reason=unstable_if action=reinterpret pc=0x00007fc1d5a2b850 method=org.springframework.beans.factory.support.DefaultSingletonBeanRegistry.getSingleton(Ljava/lang/String;Z)Ljava/lang/Object; @ 20
Event: 5.661 Thread 0x00007fc1e4011800 Uncommon trap: reason=unstable_if action=reinterpret pc=0x00007fc1d5944614 method=org.springframework.util.ConcurrentReferenceHashMap$Segment.findInChain(Lorg/springframework/util/ConcurrentReferenceHashMap$Reference;Ljava/lang/Object;I)Lorg/springframewo

Classes redefined (0 events):
No events

Internal exceptions (10 events):
Event: 3.789 Thread 0x00007fc1e4011800 Exception <a 'java/lang/ClassNotFoundException': org/springframework/beans/factory/BeanClassLoaderAwareCustomizer> (0x00000000d828ede8) thrown at [/build/openjdk-8-85WbbC/openjdk-8-8u312-b07/src/hotspot/src/share/vm/classfile/systemDictionary.cpp, line 21
Event: 3.789 Thread 0x00007fc1e4011800 Exception <a 'java/lang/ClassNotFoundException': org/springframework/beans/factory/AwareCustomizer> (0x00000000d82a2e70) thrown at [/build/openjdk-8-85WbbC/openjdk-8-8u312-b07/src/hotspot/src/share/vm/classfile/systemDictionary.cpp, line 217]
Event: 3.790 Thread 0x00007fc1e4011800 Exception <a 'java/lang/ClassNotFoundException': org/springframework/context/EnvironmentAwareCustomizer> (0x00000000d82b71e8) thrown at [/build/openjdk-8-85WbbC/openjdk-8-8u312-b07/src/hotspot/src/share/vm/classfile/systemDictionary.cpp, line 217]
Event: 3.790 Thread 0x00007fc1e4011800 Exception <a 'java/lang/ClassNotFoundException': org/springframework/beans/factory/AwareCustomizer> (0x00000000d82cb1c8) thrown at [/build/openjdk-8-85WbbC/openjdk-8-8u312-b07/src/hotspot/src/share/vm/classfile/systemDictionary.cpp, line 217]
Event: 3.858 Thread 0x00007fc1e4011800 Exception <a 'java/lang/NoSuchMethodError': java.lang.Object.lambda$comparing$77a9974f$1(Ljava/util/function/Function;Ljava/lang/Object;Ljava/lang/Object;)I> (0x00000000d89415c8) thrown at [/build/openjdk-8-85WbbC/openjdk-8-8u312-b07/src/hotspot/src/share
Event: 3.972 Thread 0x00007fc1e4839000 Implicit null exception at 0x00007fc1d5392a37 to 0x00007fc1d5392b59
Event: 4.164 Thread 0x00007fc1e4011800 Exception <a 'java/lang/NoSuchMethodError': java.lang.Object.lambda$getAllAnnotationAttributes$0(Lorg/springframework/util/MultiValueMap;)Lorg/springframework/util/MultiValueMap;> (0x00000000d7a4d900) thrown at [/build/openjdk-8-85WbbC/openjdk-8-8u312-b07
Event: 4.165 Thread 0x00007fc1e4011800 Exception <a 'java/lang/NoSuchMethodError': java.lang.Object.lambda$identity$2(Ljava/lang/Object;)Ljava/lang/Object;> (0x00000000d7a77170) thrown at [/build/openjdk-8-85WbbC/openjdk-8-8u312-b07/src/hotspot/src/share/vm/interpreter/linkResolver.cpp, line 6
Event: 4.339 Thread 0x00007fc1e4839000 Exception <a 'java/lang/IncompatibleClassChangeError': Found class java.lang.Object, but interface was expected> (0x00000000dabeef68) thrown at [/build/openjdk-8-85WbbC/openjdk-8-8u312-b07/src/hotspot/src/share/vm/interpreter/linkResolver.cpp, line 653]
Event: 4.632 Thread 0x00007fc1e4011800 Exception <a 'java/lang/IncompatibleClassChangeError': Found class java.lang.Object, but interface was expected> (0x00000000d96f5890) thrown at [/build/openjdk-8-85WbbC/openjdk-8-8u312-b07/src/hotspot/src/share/vm/interpreter/linkResolver.cpp, line 653]

Events (10 events):
Event: 5.697 Thread 0x00007fc1e4011800 DEOPT PACKING pc=0x00007fc1d51fef54 sp=0x00007fc1eb289bb0
Event: 5.697 Thread 0x00007fc1e4011800 DEOPT UNPACKING pc=0x00007fc1d50474c4 sp=0x00007fc1eb2899f0 mode 1
Event: 5.697 Thread 0x00007fc1e4011800 DEOPT PACKING pc=0x00007fc1d51fecf4 sp=0x00007fc1eb289d40
Event: 5.697 Thread 0x00007fc1e4011800 DEOPT UNPACKING pc=0x00007fc1d50474c4 sp=0x00007fc1eb289b80 mode 1
Event: 5.697 loading class org/apache/catalina/Manager
Event: 5.697 loading class org/apache/catalina/Manager done
Event: 5.697 Thread 0x00007fc1e4011800 DEOPT PACKING pc=0x00007fc1d51fef54 sp=0x00007fc1eb289bb0
Event: 5.697 Thread 0x00007fc1e4011800 DEOPT UNPACKING pc=0x00007fc1d50474c4 sp=0x00007fc1eb2899f0 mode 1
Event: 5.697 Thread 0x00007fc1e4011800 DEOPT PACKING pc=0x00007fc1d51fecf4 sp=0x00007fc1eb289d40
Event: 5.697 Thread 0x00007fc1e4011800 DEOPT UNPACKING pc=0x00007fc1d50474c4 sp=0x00007fc1eb289b80 mode 1


Dynamic libraries:
86400000-89180000 rw-p 00000000 00:00 0 
89180000-d7700000 ---p 00000000 00:00 0 
d7700000-e2480000 rw-p 00000000 00:00 0 
e2480000-100000000 ---p 00000000 00:00 0 
100000000-1003c0000 rw-p 00000000 00:00 0 
1003c0000-140000000 ---p 00000000 00:00 0 
5560446f3000-5560446f4000 r--p 00000000 08:02 3940004                    /usr/lib/jvm/java-8-openjdk-amd64/jre/bin/java
5560446f4000-5560446f5000 r-xp 00001000 08:02 3940004                    /usr/lib/jvm/java-8-openjdk-amd64/jre/bin/java
5560446f5000-5560446f6000 r--p 00002000 08:02 3940004                    /usr/lib/jvm/java-8-openjdk-amd64/jre/bin/java
5560446f6000-5560446f7000 r--p 00002000 08:02 3940004                    /usr/lib/jvm/java-8-openjdk-amd64/jre/bin/java
5560446f7000-5560446f8000 rw-p 00003000 08:02 3940004                    /usr/lib/jvm/java-8-openjdk-amd64/jre/bin/java
556044c41000-556044c62000 rw-p 00000000 00:00 0                          [heap]
7fc184000000-7fc184651000 rw-p 00000000 00:00 0 
7fc184651000-7fc188000000 ---p 00000000 00:00 0 
7fc18aea4000-7fc18b0a4000 rw-p 00000000 00:00 0 
7fc18b0ff000-7fc18b1bf000 rw-p 00000000 00:00 0 
7fc18b1bf000-7fc18b2ff000 ---p 00000000 00:00 0 
7fc18b2ff000-7fc18b4ff000 rw-p 00000000 00:00 0 
7fc18b4ff000-7fc18b6ff000 rw-p 00000000 00:00 0 
7fc18b6ff000-7fc18b8ff000 rw-p 00000000 00:00 0 
7fc18b8ff000-7fc18baff000 rw-p 00000000 00:00 0 
7fc18baff000-7fc18bcff000 rw-p 00000000 00:00 0 
7fc18bcff000-7fc18beff000 rw-p 00000000 00:00 0 
7fc18beff000-7fc18bf02000 ---p 00000000 00:00 0 
7fc18bf02000-7fc18c000000 rw-p 00000000 00:00 0 
7fc18c000000-7fc18c021000 rw-p 00000000 00:00 0 
7fc18c021000-7fc190000000 ---p 00000000 00:00 0 
7fc190000000-7fc190021000 rw-p 00000000 00:00 0 
7fc190021000-7fc194000000 ---p 00000000 00:00 0 
7fc194000000-7fc19524e000 rw-p 00000000 00:00 0 
7fc19524e000-7fc198000000 ---p 00000000 00:00 0 
7fc198000000-7fc198021000 rw-p 00000000 00:00 0 
7fc198021000-7fc19c000000 ---p 00000000 00:00 0 
7fc19c000000-7fc19e2aa000 rw-p 00000000 00:00 0 
7fc19e2aa000-7fc1a0000000 ---p 00000000 00:00 0 
7fc1a0000000-7fc1a1ae6000 rw-p 00000000 00:00 0 
7fc1a1ae6000-7fc1a4000000 ---p 00000000 00:00 0 
7fc1a4000000-7fc1a4021000 rw-p 00000000 00:00 0 
7fc1a4021000-7fc1a8000000 ---p 00000000 00:00 0 
7fc1a8000000-7fc1a8021000 rw-p 00000000 00:00 0 
7fc1a8021000-7fc1ac000000 ---p 00000000 00:00 0 
7fc1ac000000-7fc1ac021000 rw-p 00000000 00:00 0 
7fc1ac021000-7fc1b0000000 ---p 00000000 00:00 0 
7fc1b0000000-7fc1b0021000 rw-p 00000000 00:00 0 
7fc1b0021000-7fc1b4000000 ---p 00000000 00:00 0 
7fc1b4000000-7fc1b4021000 rw-p 00000000 00:00 0 
7fc1b4021000-7fc1b8000000 ---p 00000000 00:00 0 
7fc1b8000000-7fc1b8021000 rw-p 00000000 00:00 0 
7fc1b8021000-7fc1bc000000 ---p 00000000 00:00 0 
7fc1bc000000-7fc1bc021000 rw-p 00000000 00:00 0 
7fc1bc021000-7fc1c0000000 ---p 00000000 00:00 0 
7fc1c0000000-7fc1c0021000 rw-p 00000000 00:00 0 
7fc1c0021000-7fc1c4000000 ---p 00000000 00:00 0 
7fc1c4000000-7fc1c4021000 rw-p 00000000 00:00 0 
7fc1c4021000-7fc1c8000000 ---p 00000000 00:00 0 
7fc1c8000000-7fc1c8021000 rw-p 00000000 00:00 0 
7fc1c8021000-7fc1cc000000 ---p 00000000 00:00 0 
7fc1cc000000-7fc1cc021000 rw-p 00000000 00:00 0 
7fc1cc021000-7fc1d0000000 ---p 00000000 00:00 0 
7fc1d0009000-7fc1d000d000 r--p 00000000 08:02 3940040                    /usr/lib/jvm/java-8-openjdk-amd64/jre/lib/amd64/libmanagement.so
7fc1d000d000-7fc1d0011000 r-xp 00004000 08:02 3940040                    /usr/lib/jvm/java-8-openjdk-amd64/jre/lib/amd64/libmanagement.so
7fc1d0011000-7fc1d0013000 r--p 00008000 08:02 3940040                    /usr/lib/jvm/java-8-openjdk-amd64/jre/lib/amd64/libmanagement.so
7fc1d0013000-7fc1d0014000 r--p 00009000 08:02 3940040                    /usr/lib/jvm/java-8-openjdk-amd64/jre/lib/amd64/libmanagement.so
7fc1d0014000-7fc1d0015000 rw-p 0000a000 08:02 3940040                    /usr/lib/jvm/java-8-openjdk-amd64/jre/lib/amd64/libmanagement.so
7fc1d0015000-7fc1d0215000 rw-p 00000000 00:00 0 
7fc1d0215000-7fc1d0218000 ---p 00000000 00:00 0 
7fc1d0218000-7fc1d0316000 rw-p 00000000 00:00 0 
7fc1d0316000-7fc1d0317000 ---p 00000000 00:00 0 
7fc1d0317000-7fc1d0417000 rw-p 00000000 00:00 0 
7fc1d0417000-7fc1d041a000 ---p 00000000 00:00 0 
7fc1d041a000-7fc1d0518000 rw-p 00000000 00:00 0 
7fc1d0518000-7fc1d0519000 ---p 00000000 00:00 0 
7fc1d0519000-7fc1d051c000 ---p 00000000 00:00 0 
7fc1d051c000-7fc1d0619000 rw-p 00000000 00:00 0 
7fc1d0619000-7fc1d061a000 ---p 00000000 00:00 0 
7fc1d061a000-7fc1d061d000 ---p 00000000 00:00 0 
7fc1d061d000-7fc1d071a000 rw-p 00000000 00:00 0 
7fc1d071a000-7fc1d071b000 ---p 00000000 00:00 0 
7fc1d071b000-7fc1d071e000 ---p 00000000 00:00 0 
7fc1d071e000-7fc1d081b000 rw-p 00000000 00:00 0 
7fc1d081b000-7fc1d0821000 r--s 000d3000 08:02 3940067                    /usr/lib/jvm/java-8-openjdk-amd64/jre/lib/jfr.jar
7fc1d0821000-7fc1d0833000 r--s 0034c000 08:02 3940072                    /usr/lib/jvm/java-8-openjdk-amd64/jre/lib/resources.jar
7fc1d0833000-7fc1d0838000 r--p 00000000 08:02 3940042                    /usr/lib/jvm/java-8-openjdk-amd64/jre/lib/amd64/libnet.so
7fc1d0838000-7fc1d0849000 r-xp 00005000 08:02 3940042                    /usr/lib/jvm/java-8-openjdk-amd64/jre/lib/amd64/libnet.so
7fc1d0849000-7fc1d084d000 r--p 00016000 08:02 3940042                    /usr/lib/jvm/java-8-openjdk-amd64/jre/lib/amd64/libnet.so
7fc1d084d000-7fc1d084e000 r--p 00019000 08:02 3940042                    /usr/lib/jvm/java-8-openjdk-amd64/jre/lib/amd64/libnet.so
7fc1d084e000-7fc1d084f000 rw-p 0001a000 08:02 3940042                    /usr/lib/jvm/java-8-openjdk-amd64/jre/lib/amd64/libnet.so
7fc1d084f000-7fc1d0856000 r--p 00000000 08:02 3940043                    /usr/lib/jvm/java-8-openjdk-amd64/jre/lib/amd64/libnio.so
7fc1d0856000-7fc1d085f000 r-xp 00007000 08:02 3940043                    /usr/lib/jvm/java-8-openjdk-amd64/jre/lib/amd64/libnio.so
7fc1d085f000-7fc1d0862000 r--p 00010000 08:02 3940043                    /usr/lib/jvm/java-8-openjdk-amd64/jre/lib/amd64/libnio.so
7fc1d0862000-7fc1d0863000 r--p 00012000 08:02 3940043                    /usr/lib/jvm/java-8-openjdk-amd64/jre/lib/amd64/libnio.so
7fc1d0863000-7fc1d0864000 rw-p 00013000 08:02 3940043                    /usr/lib/jvm/java-8-openjdk-amd64/jre/lib/amd64/libnio.so
7fc1d0864000-7fc1d0866000 r--s 00016000 08:02 3940065                    /usr/lib/jvm/java-8-openjdk-amd64/jre/lib/jce.jar
7fc1d0866000-7fc1d0877000 r--s 001c5000 08:02 3940068                    /usr/lib/jvm/java-8-openjdk-amd64/jre/lib/jsse.jar
7fc1d0877000-7fc1d087a000 r--s 00021000 08:02 8524489                    /home/paragon/Desktop/spring-tool-suite-4-4.13.1.RELEASE-e4.22.0-linux.gtk.x86_64/sts-4.13.1.RELEASE/configuration/org.eclipse.osgi/257/0/.cp/lib/javaagent-shaded.jar
7fc1d087a000-7fc1d087c000 r--s 0000d000 08:02 14161380                   /home/paragon/.m2/repository/org/jboss/logging/jboss-logging/3.4.1.Final/jboss-logging-3.4.1.Final.jar
7fc1d087c000-7fc1d0881000 r--s 00012000 08:02 14287165                   /home/paragon/.m2/repository/jakarta/validation/jakarta.validation-api/2.0.2/jakarta.validation-api-2.0.2.jar
7fc1d0881000-7fc1d08a2000 r--s 00117000 08:02 14287163                   /home/paragon/.m2/repository/org/hibernate/validator/hibernate-validator/6.1.0.Final/hibernate-validator-6.1.0.Final.jar
7fc1d08a2000-7fc1d08a7000 r--s 00036000 08:02 14161485                   /home/paragon/.m2/repository/org/glassfish/jakarta.el/3.0.3/jakarta.el-3.0.3.jar
7fc1d08a7000-7fc1d08a8000 r--s 00000000 08:02 14287098                   /home/paragon/.m2/repository/org/springframework/boot/spring-boot-starter-validation/2.3.0.M1/spring-boot-starter-validation-2.3.0.M1.jar
7fc1d08a8000-7fc1d08bf000 r--s 00198000 08:02 14287160                   /home/paragon/.m2/repository/org/projectlombok/lombok/1.18.10/lombok-1.18.10.jar
7fc1d08bf000-7fc1d08c1000 r--s 002c4000 08:02 14287161                   /home/paragon/.m2/repository/io/springfox/springfox-swagger-ui/2.9.2/springfox-swagger-ui-2.9.2.jar
7fc1d08c1000-7fc1d08c3000 r--s 00004000 08:02 14287159                   /home/paragon/.m2/repository/org/mapstruct/mapstruct/1.2.0.Final/mapstruct-1.2.0.Final.jar
7fc1d08c3000-7fc1d08c5000 r--s 00000000 08:02 14287156                   /home/paragon/.m2/repository/org/springframework/plugin/spring-plugin-metadata/1.2.0.RELEASE/spring-plugin-metadata-1.2.0.RELEASE.jar
7fc1d08c5000-7fc1d08c6000 r--s 00004000 08:02 14287154                   /home/paragon/.m2/repository/org/springframework/plugin/spring-plugin-core/1.2.0.RELEASE/spring-plugin-core-1.2.0.RELEASE.jar
7fc1d08c6000-7fc1d08c8000 r--s 00009000 08:02 14161483                   /home/paragon/.m2/repository/org/slf4j/slf4j-api/1.7.29/slf4j-api-1.7.29.jar
7fc1d08c8000-7fc1d08ca000 r--s 0000f000 08:02 10096524                   /home/paragon/.m2/repository/com/fasterxml/classmate/1.5.1/classmate-1.5.1.jar
7fc1d08ca000-7fc1d08f9000 r--s 00226000 08:02 14287151                   /home/paragon/.m2/repository/com/google/guava/guava/20.0/guava-20.0.jar
7fc1d08f9000-7fc1d08fe000 r--s 0002b000 08:02 14287150                   /home/paragon/.m2/repository/io/springfox/springfox-spring-web/2.9.2/springfox-spring-web-2.9.2.jar
7fc1d08fe000-7fc1d0902000 r--s 00017000 08:02 14287147                   /home/paragon/.m2/repository/io/springfox/springfox-swagger-common/2.9.2/springfox-swagger-common-2.9.2.jar
7fc1d0902000-7fc1d0905000 r--s 00012000 08:02 14287144                   /home/paragon/.m2/repository/io/springfox/springfox-schema/2.9.2/springfox-schema-2.9.2.jar
7fc1d0905000-7fc1d0909000 r--s 00019000 08:02 14287142                   /home/paragon/.m2/repository/io/springfox/springfox-core/2.9.2/springfox-core-2.9.2.jar
7fc1d0909000-7fc1d090c000 r--s 0000b000 08:02 14287141                   /home/paragon/.m2/repository/io/springfox/springfox-spi/2.9.2/springfox-spi-2.9.2.jar
7fc1d090c000-7fc1d0910000 r--s 00022000 08:02 14287140                   /home/paragon/.m2/repository/io/swagger/swagger-models/1.5.20/swagger-models-1.5.20.jar
7fc1d0910000-7fc1d0912000 r--s 00004000 08:02 14287138                   /home/paragon/.m2/repository/io/swagger/swagger-annotations/1.5.20/swagger-annotations-1.5.20.jar
7fc1d0912000-7fc1d0915000 r--s 0000e000 08:02 14287134                   /home/paragon/.m2/repository/io/springfox/springfox-swagger2/2.9.2/springfox-swagger2-2.9.2.jar
7fc1d0915000-7fc1d0916000 r--s 00005000 08:02 14161480                   /home/paragon/.m2/repository/org/springframework/spring-jcl/5.2.3.RELEASE/spring-jcl-5.2.3.RELEASE.jar
7fc1d0916000-7fc1d0931000 r--s 00144000 08:02 14161479                   /home/paragon/.m2/repository/org/springframework/spring-core/5.2.3.RELEASE/spring-core-5.2.3.RELEASE.jar
7fc1d0931000-7fc1d0979000 r--s 002e9000 08:02 14161382                   /home/paragon/.m2/repository/net/bytebuddy/byte-buddy/1.10.4/byte-buddy-1.10.4.jar
7fc1d0979000-7fc1d0985000 r--s 000d0000 08:02 14161442                   /home/paragon/.m2/repository/org/postgresql/postgresql/42.2.8/postgresql-42.2.8.jar
7fc1d0985000-7fc1d098a000 r--s 00051000 08:02 14161441                   /home/paragon/.m2/repository/com/fasterxml/jackson/core/jackson-core/2.10.1/jackson-core-2.10.1.jar
7fc1d098a000-7fc1d098d000 r--s 0000e000 08:02 12192484                   /home/paragon/.m2/repository/com/fasterxml/jackson/core/jackson-annotations/2.10.1/jackson-annotations-2.10.1.jar
7fc1d098d000-7fc1d09a2000 r--s 00142000 08:02 9180541                    /home/paragon/.m2/repository/com/fasterxml/jackson/core/jackson-databind/2.10.1/jackson-databind-2.10.1.jar
7fc1d09a2000-7fc1d09a5000 r--s 00019000 08:02 14161436                   /home/paragon/.m2/repository/io/jsonwebtoken/jjwt/0.9.1/jjwt-0.9.1.jar
7fc1d09a5000-7fc1d09b4000 r--s 0007c000 08:02 14161302                   /home/paragon/.m2/repository/org/springframework/security/spring-security-web/5.3.0.M1/spring-security-web-5.3.0.M1.jar
7fc1d09b4000-7fc1d09c1000 r--s 00060000 08:02 14161300                   /home/paragon/.m2/repository/org/springframework/security/spring-security-core/5.3.0.M1/spring-security-core-5.3.0.M1.jar
7fc1d09c1000-7fc1d09d2000 r--s 000e6000 08:02 14161298                   /home/paragon/.m2/repository/org/springframework/security/spring-security-config/5.3.0.M1/spring-security-config-5.3.0.M1.jar
7fc1d09d2000-7fc1d09db000 r--s 00052000 08:02 14161438                   /home/paragon/.m2/repository/org/springframework/spring-aop/5.2.3.RELEASE/spring-aop-5.2.3.RELEASE.jar
7fc1d09db000-7fc1d09dc000 r--s 00000000 08:02 14161297                   /home/paragon/.m2/repository/org/springframework/boot/spring-boot-starter-security/2.3.0.M1/spring-boot-starter-security-2.3.0.M1.jar
7fc1d09dc000-7fc1d09e1000 r--s 00040000 08:02 14161434                   /home/paragon/.m2/repository/org/springframework/spring-expression/5.2.3.RELEASE/spring-expression-5.2.3.RELEASE.jar
7fc1d09e1000-7fc1d09f4000 r--s 000d5000 08:02 14161429                   /home/paragon/.m2/repository/org/springframework/spring-webmvc/5.2.3.RELEASE/spring-webmvc-5.2.3.RELEASE.jar
7fc1d09f4000-7fc1d0a10000 r--s 00141000 08:02 14161430                   /home/paragon/.m2/repository/org/springframework/spring-web/5.2.3.RELEASE/spring-web-5.2.3.RELEASE.jar
7fc1d0a10000-7fc1d0a15000 r--s 0003d000 08:02 14161428                   /home/paragon/.m2/repository/org/apache/tomcat/embed/tomcat-embed-websocket/9.0.45/tomcat-embed-websocket-9.0.45.jar
7fc1d0a15000-7fc1d0a3e000 r--s 00314000 08:02 14161426                   /home/paragon/.m2/repository/org/apache/tomcat/embed/tomcat-embed-core/9.0.45/tomcat-embed-core-9.0.45.jar
7fc1d0a3e000-7fc1d0a3f000 r--s 00000000 08:02 14161295                   /home/paragon/.m2/repository/org/springframework/boot/spring-boot-starter-tomcat/2.3.0.M1/spring-boot-starter-tomcat-2.3.0.M1.jar
7fc1d0a3f000-7fc1d0a41000 r--s 00001000 08:02 14161423                   /home/paragon/.m2/repository/com/fasterxml/jackson/module/jackson-module-parameter-names/2.10.1/jackson-module-parameter-names-2.10.1.jar
7fc1d0a41000-7fc1d0a44000 r--s 00017000 08:02 14161421                   /home/paragon/.m2/repository/com/fasterxml/jackson/datatype/jackson-datatype-jsr310/2.10.1/jackson-datatype-jsr310-2.10.1.jar
7fc1d0a44000-7fc1d0a46000 r--s 00007000 08:02 14161420                   /home/paragon/.m2/repository/com/fasterxml/jackson/datatype/jackson-datatype-jdk8/2.10.1/jackson-datatype-jdk8-2.10.1.jar
7fc1d0a46000-7fc1d0a47000 r--s 00000000 08:02 14161293                   /home/paragon/.m2/repository/org/springframework/boot/spring-boot-starter-json/2.3.0.M1/spring-boot-starter-json-2.3.0.M1.jar
7fc1d0a47000-7fc1d0a4e000 r--s 00044000 08:02 14161418                   /home/paragon/.m2/repository/org/yaml/snakeyaml/1.25/snakeyaml-1.25.jar
7fc1d0a4e000-7fc1d0a50000 r--s 00005000 08:02 14161414                   /home/paragon/.m2/repository/jakarta/annotation/jakarta.annotation-api/1.3.5/jakarta.annotation-api-1.3.5.jar
7fc1d0a50000-7fc1d0a52000 r--s 00000000 08:02 14161413                   /home/paragon/.m2/repository/org/slf4j/jul-to-slf4j/1.7.29/jul-to-slf4j-1.7.29.jar
7fc1d0a52000-7fc1d0a58000 r--s 0003e000 08:02 14161411                   /home/paragon/.m2/repository/org/apache/logging/log4j/log4j-api/2.12.1/log4j-api-2.12.1.jar
7fc1d0a58000-7fc1d0a5a000 r--s 00003000 08:02 14161410                   /home/paragon/.m2/repository/org/apache/logging/log4j/log4j-to-slf4j/2.12.1/log4j-to-slf4j-2.12.1.jar
7fc1d0a5a000-7fc1d0a65000 r--s 00069000 08:02 14161407                   /home/paragon/.m2/repository/ch/qos/logback/logback-core/1.2.3/logback-core-1.2.3.jar
7fc1d0a65000-7fc1d0a6b000 r--s 00041000 08:02 14161406                   /home/paragon/.m2/repository/ch/qos/logback/logback-classic/1.2.3/logback-classic-1.2.3.jar
7fc1d0a6b000-7fc1d0a6c000 r--s 00000000 08:02 14161290                   /home/paragon/.m2/repository/org/springframework/boot/spring-boot-starter-logging/2.3.0.M1/spring-boot-starter-logging-2.3.0.M1.jar
7fc1d0a6c000-7fc1d0a93000 r--s 0012a000 08:02 14161289                   /home/paragon/.m2/repository/org/springframework/boot/spring-boot-autoconfigure/2.3.0.M1/spring-boot-autoconfigure-2.3.0.M1.jar
7fc1d0a93000-7fc1d0aaa000 r--s 000e9000 08:02 14161288                   /home/paragon/.m2/repository/org/springframework/boot/spring-boot/2.3.0.M1/spring-boot-2.3.0.M1.jar
7fc1d0aaa000-7fc1d0ab7000 r--s 0009b000 08:02 14161400                   /home/paragon/.m2/repository/org/springframework/spring-beans/5.2.3.RELEASE/spring-beans-5.2.3.RELEASE.jar
7fc1d0ab7000-7fc1d0ad3000 r--s 0010f000 08:02 14161398                   /home/paragon/.m2/repository/org/springframework/spring-context/5.2.3.RELEASE/spring-context-5.2.3.RELEASE.jar
7fc1d0ad3000-7fc1d0adc000 r--s 00044000 08:02 14161399                   /home/paragon/.m2/repository/org/springframework/spring-tx/5.2.3.RELEASE/spring-tx-5.2.3.RELEASE.jar
7fc1d0adc000-7fc1d0af4000 r--s 0010c000 08:02 13242135                   /home/paragon/.m2/repository/org/springframework/data/spring-data-commons/2.3.0.M2/spring-data-commons-2.3.0.M2.jar
7fc1d0af4000-7fc1d0afd000 r--s 00038000 08:02 14161283                   /home/paragon/.m2/repository/org/springframework/data/spring-data-relational/2.0.0.M2/spring-data-relational-2.0.0.M2.jar
7fc1d0afd000-7fc1d0b18000 r--s 00394000 08:02 4066155                    /usr/lib/jvm/java-8-openjdk-amd64/jre/lib/ext/cldrdata.jar
7fc1d0b18000-7fc1d0b1b000 ---p 00000000 00:00 0 
7fc1d0b1b000-7fc1d0c19000 rw-p 00000000 00:00 0 
7fc1d0c19000-7fc1d0c1c000 ---p 00000000 00:00 0 
7fc1d0c1c000-7fc1d0d1a000 rw-p 00000000 00:00 0 
7fc1d0d1a000-7fc1d0d1d000 ---p 00000000 00:00 0 
7fc1d0d1d000-7fc1d0e1b000 rw-p 00000000 00:00 0 
7fc1d0e1b000-7fc1d0e1e000 ---p 00000000 00:00 0 
7fc1d0e1e000-7fc1d0f1c000 rw-p 00000000 00:00 0 
7fc1d0f1c000-7fc1d0f1f000 ---p 00000000 00:00 0 
7fc1d0f1f000-7fc1d101d000 rw-p 00000000 00:00 0 
7fc1d101d000-7fc1d1020000 ---p 00000000 00:00 0 
7fc1d1020000-7fc1d111e000 rw-p 00000000 00:00 0 
7fc1d111e000-7fc1d111f000 ---p 00000000 00:00 0 
7fc1d111f000-7fc1d5000000 rw-p 00000000 00:00 0 
7fc1d5000000-7fc1d5b80000 rwxp 00000000 00:00 0 
7fc1d5b80000-7fc1e4000000 ---p 00000000 00:00 0 
7fc1e4000000-7fc1e518f000 rw-p 00000000 00:00 0 
7fc1e518f000-7fc1e8000000 ---p 00000000 00:00 0 
7fc1e8000000-7fc1e8001000 r--s 00000000 08:02 14161286                   /home/paragon/.m2/repository/org/springframework/boot/spring-boot-starter/2.3.0.M1/spring-boot-starter-2.3.0.M1.jar
7fc1e8001000-7fc1e8002000 r--s 00000000 08:02 14161284                   /home/paragon/.m2/repository/org/springframework/boot/spring-boot-starter-web/2.3.0.M1/spring-boot-starter-web-2.3.0.M1.jar
7fc1e8002000-7fc1e8006000 r--s 0001f000 08:02 13503738                   /home/paragon/.m2/repository/org/springframework/data/spring-data-jdbc/2.0.0.M2/spring-data-jdbc-2.0.0.M2.jar
7fc1e8006000-7fc1e8010000 r--s 0005a000 08:02 14161373                   /home/paragon/.m2/repository/org/springframework/spring-jdbc/5.2.3.RELEASE/spring-jdbc-5.2.3.RELEASE.jar
7fc1e8010000-7fc1e8013000 r--s 00023000 08:02 9836837                    /home/paragon/.m2/repository/com/zaxxer/HikariCP/3.4.1/HikariCP-3.4.1.jar
7fc1e8013000-7fc1e8014000 r--s 00000000 08:02 14161277                   /home/paragon/.m2/repository/org/springframework/boot/spring-boot-starter-jdbc/2.3.0.M1/spring-boot-starter-jdbc-2.3.0.M1.jar
7fc1e8014000-7fc1e8015000 r--s 00000000 08:02 14161281                   /home/paragon/.m2/repository/org/springframework/boot/spring-boot-starter-data-jdbc/2.3.0.M1/spring-boot-starter-data-jdbc-2.3.0.M1.jar
7fc1e8015000-7fc1e8017000 r--s 00001000 08:02 4066156                    /usr/lib/jvm/java-8-openjdk-amd64/jre/lib/ext/dnsns.jar
7fc1e8017000-7fc1e8022000 r--s 00116000 08:02 4066159                    /usr/lib/jvm/java-8-openjdk-amd64/jre/lib/ext/localedata.jar
7fc1e8022000-7fc1e8028000 r--s 0003d000 08:02 4066162                    /usr/lib/jvm/java-8-openjdk-amd64/jre/lib/ext/sunjce_provider.jar
7fc1e8028000-7fc1e802b000 r--s 0000f000 08:02 4066157                    /usr/lib/jvm/java-8-openjdk-amd64/jre/lib/ext/icedtea-sound.jar
7fc1e802b000-7fc1e802d000 r--s 00010000 08:02 4066164                    /usr/lib/jvm/java-8-openjdk-amd64/jre/lib/ext/zipfs.jar
7fc1e802d000-7fc1e8048000 r--s 001d6000 08:02 4066160                    /usr/lib/jvm/java-8-openjdk-amd64/jre/lib/ext/nashorn.jar
7fc1e8048000-7fc1e804a000 r--p 00000000 08:02 3940023                    /usr/lib/jvm/java-8-openjdk-amd64/jre/lib/amd64/libdt_socket.so
7fc1e804a000-7fc1e804c000 r-xp 00002000 08:02 3940023                    /usr/lib/jvm/java-8-openjdk-amd64/jre/lib/amd64/libdt_socket.so
7fc1e804c000-7fc1e804d000 r--p 00004000 08:02 3940023                    /usr/lib/jvm/java-8-openjdk-amd64/jre/lib/amd64/libdt_socket.so
7fc1e804d000-7fc1e804e000 r--p 00004000 08:02 3940023                    /usr/lib/jvm/java-8-openjdk-amd64/jre/lib/amd64/libdt_socket.so
7fc1e804e000-7fc1e804f000 rw-p 00005000 08:02 3940023                    /usr/lib/jvm/java-8-openjdk-amd64/jre/lib/amd64/libdt_socket.so
7fc1e804f000-7fc1e8eab000 rw-p 00000000 00:00 0 
7fc1e8eab000-7fc1e907d000 r--s 03cab000 08:02 3940073                    /usr/lib/jvm/java-8-openjdk-amd64/jre/lib/rt.jar
7fc1e907d000-7fc1e9d43000 rw-p 00000000 00:00 0 
7fc1e9d43000-7fc1e9d44000 ---p 00000000 00:00 0 
7fc1e9d44000-7fc1e9e44000 rw-p 00000000 00:00 0 
7fc1e9e44000-7fc1e9e45000 ---p 00000000 00:00 0 
7fc1e9e45000-7fc1e9f45000 rw-p 00000000 00:00 0 
7fc1e9f45000-7fc1e9f46000 ---p 00000000 00:00 0 
7fc1e9f46000-7fc1ea046000 rw-p 00000000 00:00 0 
7fc1ea046000-7fc1ea047000 ---p 00000000 00:00 0 
7fc1ea047000-7fc1ea15e000 rw-p 00000000 00:00 0 
7fc1ea15e000-7fc1ea3d1000 ---p 00000000 00:00 0 
7fc1ea3d1000-7fc1ea3e8000 rw-p 00000000 00:00 0 
7fc1ea3e8000-7fc1ea65a000 ---p 00000000 00:00 0 
7fc1ea65a000-7fc1ea6b2000 rw-p 00000000 00:00 0 
7fc1ea6b2000-7fc1ea79f000 ---p 00000000 00:00 0 
7fc1ea79f000-7fc1ea7ce000 rw-p 00000000 00:00 0 
7fc1ea7ce000-7fc1eab60000 ---p 00000000 00:00 0 
7fc1eab60000-7fc1eab63000 r--p 00000000 08:02 3803295                    /usr/lib/x86_64-linux-gnu/libnss_files-2.31.so
7fc1eab63000-7fc1eab6a000 r-xp 00003000 08:02 3803295                    /usr/lib/x86_64-linux-gnu/libnss_files-2.31.so
7fc1eab6a000-7fc1eab6c000 r--p 0000a000 08:02 3803295                    /usr/lib/x86_64-linux-gnu/libnss_files-2.31.so
7fc1eab6c000-7fc1eab6d000 r--p 0000b000 08:02 3803295                    /usr/lib/x86_64-linux-gnu/libnss_files-2.31.so
7fc1eab6d000-7fc1eab6e000 rw-p 0000c000 08:02 3803295                    /usr/lib/x86_64-linux-gnu/libnss_files-2.31.so
7fc1eab6e000-7fc1eab74000 rw-p 00000000 00:00 0 
7fc1eab74000-7fc1eab76000 r--s 0000c000 08:02 4589406                    /usr/share/java/java-atk-wrapper.jar
7fc1eab76000-7fc1eab7a000 r--s 00041000 08:02 4066163                    /usr/lib/jvm/java-8-openjdk-amd64/jre/lib/ext/sunpkcs11.jar
7fc1eab7a000-7fc1eab7d000 r--p 00000000 08:02 3940050                    /usr/lib/jvm/java-8-openjdk-amd64/jre/lib/amd64/libzip.so
7fc1eab7d000-7fc1eab82000 r-xp 00003000 08:02 3940050                    /usr/lib/jvm/java-8-openjdk-amd64/jre/lib/amd64/libzip.so
7fc1eab82000-7fc1eab84000 r--p 00008000 08:02 3940050                    /usr/lib/jvm/java-8-openjdk-amd64/jre/lib/amd64/libzip.so
7fc1eab84000-7fc1eab85000 r--p 00009000 08:02 3940050                    /usr/lib/jvm/java-8-openjdk-amd64/jre/lib/amd64/libzip.so
7fc1eab85000-7fc1eab86000 rw-p 0000a000 08:02 3940050                    /usr/lib/jvm/java-8-openjdk-amd64/jre/lib/amd64/libzip.so
7fc1eab86000-7fc1eab88000 r--p 00000000 08:02 3940026                    /usr/lib/jvm/java-8-openjdk-amd64/jre/lib/amd64/libinstrument.so
7fc1eab88000-7fc1eab8f000 r-xp 00002000 08:02 3940026                    /usr/lib/jvm/java-8-openjdk-amd64/jre/lib/amd64/libinstrument.so
7fc1eab8f000-7fc1eab92000 r--p 00009000 08:02 3940026                    /usr/lib/jvm/java-8-openjdk-amd64/jre/lib/amd64/libinstrument.so
7fc1eab92000-7fc1eab93000 r--p 0000b000 08:02 3940026                    /usr/lib/jvm/java-8-openjdk-amd64/jre/lib/amd64/libinstrument.so
7fc1eab93000-7fc1eab94000 rw-p 0000c000 08:02 3940026                    /usr/lib/jvm/java-8-openjdk-amd64/jre/lib/amd64/libinstrument.so
7fc1eab94000-7fc1eb104000 r--p 00000000 08:02 3803312                    /usr/lib/locale/locale-archive
7fc1eb104000-7fc1eb106000 r--p 00000000 08:02 3940036                    /usr/lib/jvm/java-8-openjdk-amd64/jre/lib/amd64/libjdwp.so
7fc1eb106000-7fc1eb132000 r-xp 00002000 08:02 3940036                    /usr/lib/jvm/java-8-openjdk-amd64/jre/lib/amd64/libjdwp.so
7fc1eb132000-7fc1eb13f000 r--p 0002e000 08:02 3940036                    /usr/lib/jvm/java-8-openjdk-amd64/jre/lib/amd64/libjdwp.so
7fc1eb13f000-7fc1eb140000 r--p 0003a000 08:02 3940036                    /usr/lib/jvm/java-8-openjdk-amd64/jre/lib/amd64/libjdwp.so
7fc1eb140000-7fc1eb141000 rw-p 0003b000 08:02 3940036                    /usr/lib/jvm/java-8-openjdk-amd64/jre/lib/amd64/libjdwp.so
7fc1eb141000-7fc1eb14e000 r--p 00000000 08:02 3940031                    /usr/lib/jvm/java-8-openjdk-amd64/jre/lib/amd64/libjava.so
7fc1eb14e000-7fc1eb166000 r-xp 0000d000 08:02 3940031                    /usr/lib/jvm/java-8-openjdk-amd64/jre/lib/amd64/libjava.so
7fc1eb166000-7fc1eb16d000 r--p 00025000 08:02 3940031                    /usr/lib/jvm/java-8-openjdk-amd64/jre/lib/amd64/libjava.so
7fc1eb16d000-7fc1eb16e000 r--p 0002b000 08:02 3940031                    /usr/lib/jvm/java-8-openjdk-amd64/jre/lib/amd64/libjava.so
7fc1eb16e000-7fc1eb170000 rw-p 0002c000 08:02 3940031                    /usr/lib/jvm/java-8-openjdk-amd64/jre/lib/amd64/libjava.so
7fc1eb170000-7fc1eb175000 r--p 00000000 08:02 3940049                    /usr/lib/jvm/java-8-openjdk-amd64/jre/lib/amd64/libverify.so
7fc1eb175000-7fc1eb17e000 r-xp 00005000 08:02 3940049                    /usr/lib/jvm/java-8-openjdk-amd64/jre/lib/amd64/libverify.so
7fc1eb17e000-7fc1eb180000 r--p 0000e000 08:02 3940049                    /usr/lib/jvm/java-8-openjdk-amd64/jre/lib/amd64/libverify.so
7fc1eb180000-7fc1eb182000 r--p 0000f000 08:02 3940049                    /usr/lib/jvm/java-8-openjdk-amd64/jre/lib/amd64/libverify.so
7fc1eb182000-7fc1eb183000 rw-p 00011000 08:02 3940049                    /usr/lib/jvm/java-8-openjdk-amd64/jre/lib/amd64/libverify.so
7fc1eb183000-7fc1eb185000 r--p 00000000 08:02 3803302                    /usr/lib/x86_64-linux-gnu/librt-2.31.so
7fc1eb185000-7fc1eb189000 r-xp 00002000 08:02 3803302                    /usr/lib/x86_64-linux-gnu/librt-2.31.so
7fc1eb189000-7fc1eb18b000 r--p 00006000 08:02 3803302                    /usr/lib/x86_64-linux-gnu/librt-2.31.so
7fc1eb18b000-7fc1eb18c000 r--p 00007000 08:02 3803302                    /usr/lib/x86_64-linux-gnu/librt-2.31.so
7fc1eb18c000-7fc1eb18d000 rw-p 00008000 08:02 3803302                    /usr/lib/x86_64-linux-gnu/librt-2.31.so
7fc1eb18d000-7fc1eb18e000 ---p 00000000 00:00 0 
7fc1eb18e000-7fc1eb191000 ---p 00000000 00:00 0 
7fc1eb191000-7fc1eb28e000 rw-p 00000000 00:00 0 
7fc1eb28e000-7fc1eb291000 r--p 00000000 08:02 3808692                    /usr/lib/x86_64-linux-gnu/libgcc_s.so.1
7fc1eb291000-7fc1eb2a3000 r-xp 00003000 08:02 3808692                    /usr/lib/x86_64-linux-gnu/libgcc_s.so.1
7fc1eb2a3000-7fc1eb2a7000 r--p 00015000 08:02 3808692                    /usr/lib/x86_64-linux-gnu/libgcc_s.so.1
7fc1eb2a7000-7fc1eb2a8000 r--p 00018000 08:02 3808692                    /usr/lib/x86_64-linux-gnu/libgcc_s.so.1
7fc1eb2a8000-7fc1eb2a9000 rw-p 00019000 08:02 3808692                    /usr/lib/x86_64-linux-gnu/libgcc_s.so.1
7fc1eb2a9000-7fc1eb2b6000 r--p 00000000 08:02 3803289                    /usr/lib/x86_64-linux-gnu/libm-2.31.so
7fc1eb2b6000-7fc1eb35d000 r-xp 0000d000 08:02 3803289                    /usr/lib/x86_64-linux-gnu/libm-2.31.so
7fc1eb35d000-7fc1eb3f6000 r--p 000b4000 08:02 3803289                    /usr/lib/x86_64-linux-gnu/libm-2.31.so
7fc1eb3f6000-7fc1eb3f7000 r--p 0014c000 08:02 3803289                    /usr/lib/x86_64-linux-gnu/libm-2.31.so
7fc1eb3f7000-7fc1eb3f8000 rw-p 0014d000 08:02 3803289                    /usr/lib/x86_64-linux-gnu/libm-2.31.so
7fc1eb3f8000-7fc1eb48e000 r--p 00000000 08:02 3809495                    /usr/lib/x86_64-linux-gnu/libstdc++.so.6.0.28
7fc1eb48e000-7fc1eb57f000 r-xp 00096000 08:02 3809495                    /usr/lib/x86_64-linux-gnu/libstdc++.so.6.0.28
7fc1eb57f000-7fc1eb5c8000 r--p 00187000 08:02 3809495                    /usr/lib/x86_64-linux-gnu/libstdc++.so.6.0.28
7fc1eb5c8000-7fc1eb5c9000 ---p 001d0000 08:02 3809495                    /usr/lib/x86_64-linux-gnu/libstdc++.so.6.0.28
7fc1eb5c9000-7fc1eb5d4000 r--p 001d0000 08:02 3809495                    /usr/lib/x86_64-linux-gnu/libstdc++.so.6.0.28
7fc1eb5d4000-7fc1eb5d7000 rw-p 001db000 08:02 3809495                    /usr/lib/x86_64-linux-gnu/libstdc++.so.6.0.28
7fc1eb5d7000-7fc1eb5da000 rw-p 00000000 00:00 0 
7fc1eb5da000-7fc1eb7cf000 r--p 00000000 08:02 3940053                    /usr/lib/jvm/java-8-openjdk-amd64/jre/lib/amd64/server/libjvm.so
7fc1eb7cf000-7fc1ec138000 r-xp 001f5000 08:02 3940053                    /usr/lib/jvm/java-8-openjdk-amd64/jre/lib/amd64/server/libjvm.so
7fc1ec138000-7fc1ec2ea000 r--p 00b5e000 08:02 3940053                    /usr/lib/jvm/java-8-openjdk-amd64/jre/lib/amd64/server/libjvm.so
7fc1ec2ea000-7fc1ec380000 r--p 00d0f000 08:02 3940053                    /usr/lib/jvm/java-8-openjdk-amd64/jre/lib/amd64/server/libjvm.so
7fc1ec380000-7fc1ec3a9000 rw-p 00da5000 08:02 3940053                    /usr/lib/jvm/java-8-openjdk-amd64/jre/lib/amd64/server/libjvm.so
7fc1ec3a9000-7fc1ec3de000 rw-p 00000000 00:00 0 
7fc1ec3de000-7fc1ec3e4000 r--p 00000000 08:02 3803300                    /usr/lib/x86_64-linux-gnu/libpthread-2.31.so
7fc1ec3e4000-7fc1ec3f5000 r-xp 00006000 08:02 3803300                    /usr/lib/x86_64-linux-gnu/libpthread-2.31.so
7fc1ec3f5000-7fc1ec3fb000 r--p 00017000 08:02 3803300                    /usr/lib/x86_64-linux-gnu/libpthread-2.31.so
7fc1ec3fb000-7fc1ec3fc000 r--p 0001c000 08:02 3803300                    /usr/lib/x86_64-linux-gnu/libpthread-2.31.so
7fc1ec3fc000-7fc1ec3fd000 rw-p 0001d000 08:02 3803300                    /usr/lib/x86_64-linux-gnu/libpthread-2.31.so
7fc1ec3fd000-7fc1ec401000 rw-p 00000000 00:00 0 
7fc1ec401000-7fc1ec402000 r--p 00000000 08:02 3803288                    /usr/lib/x86_64-linux-gnu/libdl-2.31.so
7fc1ec402000-7fc1ec404000 r-xp 00001000 08:02 3803288                    /usr/lib/x86_64-linux-gnu/libdl-2.31.so
7fc1ec404000-7fc1ec405000 r--p 00003000 08:02 3803288                    /usr/lib/x86_64-linux-gnu/libdl-2.31.so
7fc1ec405000-7fc1ec406000 r--p 00003000 08:02 3803288                    /usr/lib/x86_64-linux-gnu/libdl-2.31.so
7fc1ec406000-7fc1ec407000 rw-p 00004000 08:02 3803288                    /usr/lib/x86_64-linux-gnu/libdl-2.31.so
7fc1ec407000-7fc1ec409000 r--p 00000000 08:02 3807380                    /usr/lib/x86_64-linux-gnu/libz.so.1.2.11
7fc1ec409000-7fc1ec41a000 r-xp 00002000 08:02 3807380                    /usr/lib/x86_64-linux-gnu/libz.so.1.2.11
7fc1ec41a000-7fc1ec420000 r--p 00013000 08:02 3807380                    /usr/lib/x86_64-linux-gnu/libz.so.1.2.11
7fc1ec420000-7fc1ec421000 ---p 00019000 08:02 3807380                    /usr/lib/x86_64-linux-gnu/libz.so.1.2.11
7fc1ec421000-7fc1ec422000 r--p 00019000 08:02 3807380                    /usr/lib/x86_64-linux-gnu/libz.so.1.2.11
7fc1ec422000-7fc1ec423000 rw-p 0001a000 08:02 3807380                    /usr/lib/x86_64-linux-gnu/libz.so.1.2.11
7fc1ec423000-7fc1ec445000 r--p 00000000 08:02 3803287                    /usr/lib/x86_64-linux-gnu/libc-2.31.so
7fc1ec445000-7fc1ec5bd000 r-xp 00022000 08:02 3803287                    /usr/lib/x86_64-linux-gnu/libc-2.31.so
7fc1ec5bd000-7fc1ec60b000 r--p 0019a000 08:02 3803287                    /usr/lib/x86_64-linux-gnu/libc-2.31.so
7fc1ec60b000-7fc1ec60f000 r--p 001e7000 08:02 3803287                    /usr/lib/x86_64-linux-gnu/libc-2.31.so
7fc1ec60f000-7fc1ec611000 rw-p 001eb000 08:02 3803287                    /usr/lib/x86_64-linux-gnu/libc-2.31.so
7fc1ec611000-7fc1ec615000 rw-p 00000000 00:00 0 
7fc1ec615000-7fc1ec617000 r--s 00008000 08:02 4066161                    /usr/lib/jvm/java-8-openjdk-amd64/jre/lib/ext/sunec.jar
7fc1ec617000-7fc1ec618000 r--s 0000a000 08:02 4066158                    /usr/lib/jvm/java-8-openjdk-amd64/jre/lib/ext/jaccess.jar
7fc1ec618000-7fc1ec620000 rw-s 00000000 08:02 19792106                   /tmp/hsperfdata_paragon/5861
7fc1ec620000-7fc1ec621000 r--p 00000000 08:02 3940044                    /usr/lib/jvm/java-8-openjdk-amd64/jre/lib/amd64/libnpt.so
7fc1ec621000-7fc1ec623000 r-xp 00001000 08:02 3940044                    /usr/lib/jvm/java-8-openjdk-amd64/jre/lib/amd64/libnpt.so
7fc1ec623000-7fc1ec624000 r--p 00003000 08:02 3940044                    /usr/lib/jvm/java-8-openjdk-amd64/jre/lib/amd64/libnpt.so
7fc1ec624000-7fc1ec625000 r--p 00003000 08:02 3940044                    /usr/lib/jvm/java-8-openjdk-amd64/jre/lib/amd64/libnpt.so
7fc1ec625000-7fc1ec626000 rw-p 00004000 08:02 3940044                    /usr/lib/jvm/java-8-openjdk-amd64/jre/lib/amd64/libnpt.so
7fc1ec626000-7fc1ec627000 rw-p 00000000 00:00 0 
7fc1ec627000-7fc1ec62a000 r--p 00000000 08:02 3940017                    /usr/lib/jvm/java-8-openjdk-amd64/jre/lib/amd64/jli/libjli.so
7fc1ec62a000-7fc1ec634000 r-xp 00003000 08:02 3940017                    /usr/lib/jvm/java-8-openjdk-amd64/jre/lib/amd64/jli/libjli.so
7fc1ec634000-7fc1ec637000 r--p 0000d000 08:02 3940017                    /usr/lib/jvm/java-8-openjdk-amd64/jre/lib/amd64/jli/libjli.so
7fc1ec637000-7fc1ec638000 r--p 0000f000 08:02 3940017                    /usr/lib/jvm/java-8-openjdk-amd64/jre/lib/amd64/jli/libjli.so
7fc1ec638000-7fc1ec639000 rw-p 00010000 08:02 3940017                    /usr/lib/jvm/java-8-openjdk-amd64/jre/lib/amd64/jli/libjli.so
7fc1ec639000-7fc1ec63b000 rw-p 00000000 00:00 0 
7fc1ec63b000-7fc1ec63c000 r--p 00000000 08:02 3803280                    /usr/lib/x86_64-linux-gnu/ld-2.31.so
7fc1ec63c000-7fc1ec65f000 r-xp 00001000 08:02 3803280                    /usr/lib/x86_64-linux-gnu/ld-2.31.so
7fc1ec65f000-7fc1ec667000 r--p 00024000 08:02 3803280                    /usr/lib/x86_64-linux-gnu/ld-2.31.so
7fc1ec667000-7fc1ec668000 r--p 00000000 00:00 0 
7fc1ec668000-7fc1ec669000 r--p 0002c000 08:02 3803280                    /usr/lib/x86_64-linux-gnu/ld-2.31.so
7fc1ec669000-7fc1ec66a000 rw-p 0002d000 08:02 3803280                    /usr/lib/x86_64-linux-gnu/ld-2.31.so
7fc1ec66a000-7fc1ec66b000 rw-p 00000000 00:00 0 
7fff93d60000-7fff93d83000 rw-p 00000000 00:00 0                          [stack]
7fff93df1000-7fff93df5000 r--p 00000000 00:00 0                          [vvar]
7fff93df5000-7fff93df7000 r-xp 00000000 00:00 0                          [vdso]
ffffffffff600000-ffffffffff601000 --xp 00000000 00:00 0                  [vsyscall]

VM Arguments:
jvm_args: -agentlib:jdwp=transport=dt_socket,suspend=y,address=localhost:42529 -javaagent:/home/paragon/Desktop/spring-tool-suite-4-4.13.1.RELEASE-e4.22.0-linux.gtk.x86_64/sts-4.13.1.RELEASE/configuration/org.eclipse.osgi/257/0/.cp/lib/javaagent-shaded.jar -Dfile.encoding=UTF-8 
java_command: com.bitutech.BituTechApp
java_class_path (initial): /home/paragon/Documents/BituTech_Java_Code/BituTech/target/classes:/home/paragon/.m2/repository/org/springframework/boot/spring-boot-starter-data-jdbc/2.3.0.M1/spring-boot-starter-data-jdbc-2.3.0.M1.jar:/home/paragon/.m2/repository/org/springframework/boot/spring-boot-starter-jdbc/2.3.0.M1/spring-boot-starter-jdbc-2.3.0.M1.jar:/home/paragon/.m2/repository/com/zaxxer/HikariCP/3.4.1/HikariCP-3.4.1.jar:/home/paragon/.m2/repository/org/springframework/spring-jdbc/5.2.3.RELEASE/spring-jdbc-5.2.3.RELEASE.jar:/home/paragon/.m2/repository/org/springframework/data/spring-data-jdbc/2.0.0.M2/spring-data-jdbc-2.0.0.M2.jar:/home/paragon/.m2/repository/org/springframework/data/spring-data-relational/2.0.0.M2/spring-data-relational-2.0.0.M2.jar:/home/paragon/.m2/repository/org/springframework/data/spring-data-commons/2.3.0.M2/spring-data-commons-2.3.0.M2.jar:/home/paragon/.m2/repository/org/springframework/spring-tx/5.2.3.RELEASE/spring-tx-5.2.3.RELEASE.jar:/home/paragon/.m2/repository/org/springframework/spring-context/5.2.3.RELEASE/spring-context-5.2.3.RELEASE.jar:/home/paragon/.m2/repository/org/springframework/spring-beans/5.2.3.RELEASE/spring-beans-5.2.3.RELEASE.jar:/home/paragon/.m2/repository/org/springframework/boot/spring-boot-starter-web/2.3.0.M1/spring-boot-starter-web-2.3.0.M1.jar:/home/paragon/.m2/repository/org/springframework/boot/spring-boot-starter/2.3.0.M1/spring-boot-starter-2.3.0.M1.jar:/home/paragon/.m2/repository/org/springframework/boot/spring-boot/2.3.0.M1/spring-boot-2.3.0.M1.jar:/home/paragon/.m2/repository/org/springframework/boot/spring-boot-autoconfigure/2.3.0.M1/spring-boot-autoconfigure-2.3.0.M1.jar:/home/paragon/.m2/repository/org/springframework/boot/spring-boot-starter-logging/2.3.0.M1/spring-boot-starter-logging-2.3.0.M1.jar:/home/paragon/.m2/repository/ch/qos/logback/logback-classic/1.2.3/logback-classic-1.2.3.jar:/home/paragon/.m2/repository/ch/qos/logback/logback-core/1.2.3/logback-core-1.2.3.jar:/home/paragon/.m2/
Launcher Type: SUN_STANDARD

Environment Variables:
PATH=/usr/local/sbin:/usr/local/bin:/usr/sbin:/usr/bin:/sbin:/bin:/usr/games:/usr/local/games:/snap/bin
USERNAME=paragon
SHELL=/bin/bash
DISPLAY=:0

Signal Handlers:
SIGSEGV: [libjvm.so+0xb373b0], sa_mask[0]=11111111011111111101111111111110, sa_flags=SA_RESTART|SA_SIGINFO
SIGBUS: [libjvm.so+0xb373b0], sa_mask[0]=11111111011111111101111111111110, sa_flags=SA_RESTART|SA_SIGINFO
SIGFPE: [libjvm.so+0x97bff0], sa_mask[0]=11111111011111111101111111111110, sa_flags=SA_RESTART|SA_SIGINFO
SIGPIPE: [libjvm.so+0x97bff0], sa_mask[0]=11111111011111111101111111111110, sa_flags=SA_RESTART|SA_SIGINFO
SIGXFSZ: [libjvm.so+0x97bff0], sa_mask[0]=11111111011111111101111111111110, sa_flags=SA_RESTART|SA_SIGINFO
SIGILL: [libjvm.so+0x97bff0], sa_mask[0]=11111111011111111101111111111110, sa_flags=SA_RESTART|SA_SIGINFO
SIGUSR1: SIG_DFL, sa_mask[0]=00000000000000000000000000000000, sa_flags=none
SIGUSR2: [libjvm.so+0x97bea0], sa_mask[0]=00100000000000000000000000000000, sa_flags=SA_RESTART|SA_SIGINFO
SIGHUP: [libjvm.so+0x97c270], sa_mask[0]=11111111011111111101111111111110, sa_flags=SA_RESTART|SA_SIGINFO
SIGINT: [libjvm.so+0x97c270], sa_mask[0]=11111111011111111101111111111110, sa_flags=SA_RESTART|SA_SIGINFO
SIGTERM: [libjvm.so+0x97c270], sa_mask[0]=11111111011111111101111111111110, sa_flags=SA_RESTART|SA_SIGINFO
SIGQUIT: [libjvm.so+0x97c270], sa_mask[0]=11111111011111111101111111111110, sa_flags=SA_RESTART|SA_SIGINFO


---------------  S Y S T E M  ---------------

OS:DISTRIB_ID=Ubuntu
DISTRIB_RELEASE=20.04
DISTRIB_CODENAME=focal
DISTRIB_DESCRIPTION="Ubuntu 20.04.4 LTS"

uname:Linux 5.13.0-39-generic #44~20.04.1-Ubuntu SMP Thu Mar 24 16:43:35 UTC 2022 x86_64
libc:glibc 2.31 NPTL 2.31 
rlimit: STACK 8192k, CORE 0k, NPROC 30889, NOFILE 1048576, AS infinity
load average:0.43 0.97 0.96

/proc/meminfo:
MemTotal:        7974768 kB
MemFree:         1694320 kB
MemAvailable:    4516352 kB
Buffers:          169548 kB
Cached:          3109780 kB
SwapCached:            0 kB
Active:          1448952 kB
Inactive:        4088872 kB
Active(anon):      12580 kB
Inactive(anon):  2618860 kB
Active(file):    1436372 kB
Inactive(file):  1470012 kB
Unevictable:      338960 kB
Mlocked:              48 kB
SwapTotal:       2097148 kB
SwapFree:        2097148 kB
Dirty:               744 kB
Writeback:             0 kB
AnonPages:       2597532 kB
Mapped:           823664 kB
Shmem:            381160 kB
KReclaimable:     218772 kB
Slab:             310060 kB
SReclaimable:     218772 kB
SUnreclaim:        91288 kB
KernelStack:       14112 kB
PageTables:        34184 kB
NFS_Unstable:          0 kB
Bounce:                0 kB
WritebackTmp:          0 kB
CommitLimit:     6084532 kB
Committed_AS:    9227172 kB
VmallocTotal:   34359738367 kB
VmallocUsed:       29948 kB
VmallocChunk:          0 kB
Percpu:             3616 kB
HardwareCorrupted:     0 kB
AnonHugePages:         0 kB
ShmemHugePages:        0 kB
ShmemPmdMapped:        0 kB
FileHugePages:         0 kB
FilePmdMapped:         0 kB
HugePages_Total:       0
HugePages_Free:        0
HugePages_Rsvd:        0
HugePages_Surp:        0
Hugepagesize:       2048 kB
Hugetlb:               0 kB
DirectMap4k:      244464 kB
DirectMap2M:     7976960 kB

container (cgroup) information:
container_type: cgroupv1
cpu_cpuset_cpus: 0-3
cpu_memory_nodes: 0
active_processor_count: 4
cpu_quota: -1
cpu_period: 100000
cpu_shares: -1
memory_limit_in_bytes: -1
memory_and_swap_limit_in_bytes: -1
memory_soft_limit_in_bytes: -1
memory_usage_in_bytes: 4686049280
memory_max_usage_in_bytes: 4691419136


CPU:total 4 (initial active 4) (4 cores per cpu, 1 threads per core) family 6 model 58 stepping 9, cmov, cx8, fxsr, mmx, sse, sse2, sse3, ssse3, sse4.1, sse4.2, popcnt, avx, aes, clmul, erms, tsc, tscinvbit, tscinv

/proc/cpuinfo:
processor	: 0
vendor_id	: GenuineIntel
cpu family	: 6
model		: 58
model name	: Intel(R) Core(TM) i5-3450 CPU @ 3.10GHz
stepping	: 9
microcode	: 0x21
cpu MHz		: 2700.000
cache size	: 6144 KB
physical id	: 0
siblings	: 4
core id		: 0
cpu cores	: 4
apicid		: 0
initial apicid	: 0
fpu		: yes
fpu_exception	: yes
cpuid level	: 13
wp		: yes
flags		: fpu vme de pse tsc msr pae mce cx8 apic sep mtrr pge mca cmov pat pse36 clflush dts acpi mmx fxsr sse sse2 ss ht tm pbe syscall nx rdtscp lm constant_tsc arch_perfmon pebs bts rep_good nopl xtopology nonstop_tsc cpuid aperfmperf pni pclmulqdq dtes64 monitor ds_cpl vmx est tm2 ssse3 cx16 xtpr pdcm pcid sse4_1 sse4_2 popcnt tsc_deadline_timer aes xsave avx f16c rdrand lahf_lm cpuid_fault epb pti ssbd ibrs ibpb stibp tpr_shadow vnmi flexpriority ept vpid fsgsbase smep erms xsaveopt dtherm ida arat pln pts md_clear flush_l1d
vmx flags	: vnmi preemption_timer invvpid ept_x_only flexpriority tsc_offset vtpr mtf vapic ept vpid unrestricted_guest
bugs		: cpu_meltdown spectre_v1 spectre_v2 spec_store_bypass l1tf mds swapgs itlb_multihit srbds
bogomips	: 6186.23
clflush size	: 64
cache_alignment	: 64
address sizes	: 36 bits physical, 48 bits virtual
power management:

processor	: 1
vendor_id	: GenuineIntel
cpu family	: 6
model		: 58
model name	: Intel(R) Core(TM) i5-3450 CPU @ 3.10GHz
stepping	: 9
microcode	: 0x21
cpu MHz		: 3321.444
cache size	: 6144 KB
physical id	: 0
siblings	: 4
core id		: 1
cpu cores	: 4
apicid		: 2
initial apicid	: 2
fpu		: yes
fpu_exception	: yes
cpuid level	: 13
wp		: yes
flags		: fpu vme de pse tsc msr pae mce cx8 apic sep mtrr pge mca cmov pat pse36 clflush dts acpi mmx fxsr sse sse2 ss ht tm pbe syscall nx rdtscp lm constant_tsc arch_perfmon pebs bts rep_good nopl xtopology nonstop_tsc cpuid aperfmperf pni pclmulqdq dtes64 monitor ds_cpl vmx est tm2 ssse3 cx16 xtpr pdcm pcid sse4_1 sse4_2 popcnt tsc_deadline_timer aes xsave avx f16c rdrand lahf_lm cpuid_fault epb pti ssbd ibrs ibpb stibp tpr_shadow vnmi flexpriority ept vpid fsgsbase smep erms xsaveopt dtherm ida arat pln pts md_clear flush_l1d
vmx flags	: vnmi preemption_timer invvpid ept_x_only flexpriority tsc_offset vtpr mtf vapic ept vpid unrestricted_guest
bugs		: cpu_meltdown spectre_v1 spectre_v2 spec_store_bypass l1tf mds swapgs itlb_multihit srbds
bogomips	: 6186.23
clflush size	: 64
cache_alignment	: 64
address sizes	: 36 bits physical, 48 bits virtual
power management:

processor	: 2
vendor_id	: GenuineIntel
cpu family	: 6
model		: 58
model name	: Intel(R) Core(TM) i5-3450 CPU @ 3.10GHz
stepping	: 9
microcode	: 0x21
cpu MHz		: 3424.788
cache size	: 6144 KB
physical id	: 0
siblings	: 4
core id		: 2
cpu cores	: 4
apicid		: 4
initial apicid	: 4
fpu		: yes
fpu_exception	: yes
cpuid level	: 13
wp		: yes
flags		: fpu vme de pse tsc msr pae mce cx8 apic sep mtrr pge mca cmov pat pse36 clflush dts acpi mmx fxsr sse sse2 ss ht tm pbe syscall nx rdtscp lm constant_tsc arch_perfmon pebs bts rep_good nopl xtopology nonstop_tsc cpuid aperfmperf pni pclmulqdq dtes64 monitor ds_cpl vmx est tm2 ssse3 cx16 xtpr pdcm pcid sse4_1 sse4_2 popcnt tsc_deadline_timer aes xsave avx f16c rdrand lahf_lm cpuid_fault epb pti ssbd ibrs ibpb stibp tpr_shadow vnmi flexpriority ept vpid fsgsbase smep erms xsaveopt dtherm ida arat pln pts md_clear flush_l1d
vmx flags	: vnmi preemption_timer invvpid ept_x_only flexpriority tsc_offset vtpr mtf vapic ept vpid unrestricted_guest
bugs		: cpu_meltdown spectre_v1 spectre_v2 spec_store_bypass l1tf mds swapgs itlb_multihit srbds
bogomips	: 6186.23
clflush size	: 64
cache_alignment	: 64
address sizes	: 36 bits physical, 48 bits virtual
power management:

processor	: 3
vendor_id	: GenuineIntel
cpu family	: 6
model		: 58
model name	: Intel(R) Core(TM) i5-3450 CPU @ 3.10GHz
stepping	: 9
microcode	: 0x21
cpu MHz		: 3427.993
cache size	: 6144 KB
physical id	: 0
siblings	: 4
core id		: 3
cpu cores	: 4
apicid		: 6
initial apicid	: 6
fpu		: yes
fpu_exception	: yes
cpuid level	: 13
wp		: yes
flags		: fpu vme de pse tsc msr pae mce cx8 apic sep mtrr pge mca cmov pat pse36 clflush dts acpi mmx fxsr sse sse2 ss ht tm pbe syscall nx rdtscp lm constant_tsc arch_perfmon pebs bts rep_good nopl xtopology nonstop_tsc cpuid aperfmperf pni pclmulqdq dtes64 monitor ds_cpl vmx est tm2 ssse3 cx16 xtpr pdcm pcid sse4_1 sse4_2 popcnt tsc_deadline_timer aes xsave avx f16c rdrand lahf_lm cpuid_fault epb pti ssbd ibrs ibpb stibp tpr_shadow vnmi flexpriority ept vpid fsgsbase smep erms xsaveopt dtherm ida arat pln pts md_clear flush_l1d
vmx flags	: vnmi preemption_timer invvpid ept_x_only flexpriority tsc_offset vtpr mtf vapic ept vpid unrestricted_guest
bugs		: cpu_meltdown spectre_v1 spectre_v2 spec_store_bypass l1tf mds swapgs itlb_multihit srbds
bogomips	: 6186.23
clflush size	: 64
cache_alignment	: 64
address sizes	: 36 bits physical, 48 bits virtual
power management:



Memory: 4k page, physical 7974768k(1693060k free), swap 2097148k(2097148k free)

vm_info: OpenJDK 64-Bit Server VM (25.312-b07) for linux-amd64 JRE (1.8.0_312-8u312-b07-0ubuntu1~20.04-b07), built on Nov  3 2021 13:54:59 by "buildd" with gcc 9.3.0

time: Wed Apr  6 09:58:34 2022
timezone: IST
elapsed time: 5.743542 seconds (0d 0h 0m 5s)

